0 'd-loss:' 0.024200 'g-loss:' 656.714294 'w-distance:' -656.690125
1 'd-loss:' 0.005312 'g-loss:' 659.135681 'w-distance:' -659.130371
2 'd-loss:' 2.144667 'g-loss:' 651.635254 'w-distance:' -649.490601
3 'd-loss:' -3.105868 'g-loss:' 651.679016 'w-distance:' -654.784912
4 'd-loss:' -54.273102 'g-loss:' 642.351685 'w-distance:' -696.624756
5 'd-loss:' -0.573581 'g-loss:' 671.141541 'w-distance:' -671.715149
6 'd-loss:' -3.710201 'g-loss:' 632.676941 'w-distance:' -636.387146
7 'd-loss:' -14.406733 'g-loss:' 640.102783 'w-distance:' -654.509521
8 'd-loss:' -28.364880 'g-loss:' 635.078125 'w-distance:' -663.442993
9 'd-loss:' -32.465790 'g-loss:' 618.083130 'w-distance:' -650.548950
10 'd-loss:' -42.315716 'g-loss:' 612.391541 'w-distance:' -654.707275
11 'd-loss:' -125.306709 'g-loss:' 600.363159 'w-distance:' -725.669861
12 'd-loss:' -23.795704 'g-loss:' 710.817139 'w-distance:' -734.612854
13 'd-loss:' -17.016853 'g-loss:' 602.184326 'w-distance:' -619.201172
14 'd-loss:' -15.251470 'g-loss:' 624.587891 'w-distance:' -639.839355
15 'd-loss:' -15.110386 'g-loss:' 626.287781 'w-distance:' -641.398193
16 'd-loss:' -15.548652 'g-loss:' 626.800476 'w-distance:' -642.349121
17 'd-loss:' -17.464939 'g-loss:' 624.610840 'w-distance:' -642.075806
18 'd-loss:' -20.627254 'g-loss:' 600.686157 'w-distance:' -621.313416
19 'd-loss:' -26.720142 'g-loss:' 596.014648 'w-distance:' -622.734802
20 'd-loss:' -41.093491 'g-loss:' 588.802368 'w-distance:' -629.895874
21 'd-loss:' -74.272858 'g-loss:' 588.764587 'w-distance:' -663.037476
22 'd-loss:' -75.312790 'g-loss:' 600.829224 'w-distance:' -676.142029
23 'd-loss:' -56.243507 'g-loss:' 598.312195 'w-distance:' -654.555725
24 'd-loss:' -48.380638 'g-loss:' 581.066711 'w-distance:' -629.447327
25 'd-loss:' -44.293095 'g-loss:' 575.251648 'w-distance:' -619.544739
26 'd-loss:' -45.627693 'g-loss:' 576.475525 'w-distance:' -622.103210
27 'd-loss:' -49.256981 'g-loss:' 572.322632 'w-distance:' -621.579590
28 'd-loss:' -53.198238 'g-loss:' 575.266663 'w-distance:' -628.464905
29 'd-loss:' -56.970676 'g-loss:' 576.448303 'w-distance:' -633.419006
30 'd-loss:' -60.889206 'g-loss:' 575.939331 'w-distance:' -636.828552
31 'd-loss:' -62.497536 'g-loss:' 574.186157 'w-distance:' -636.683716
32 'd-loss:' -62.595203 'g-loss:' 577.207275 'w-distance:' -639.802490
33 'd-loss:' -61.238190 'g-loss:' 561.767151 'w-distance:' -623.005371
34 'd-loss:' -57.054085 'g-loss:' 573.642151 'w-distance:' -630.696228
35 'd-loss:' -53.797249 'g-loss:' 565.626038 'w-distance:' -619.423279
36 'd-loss:' -51.625694 'g-loss:' 559.816650 'w-distance:' -611.442322
37 'd-loss:' -51.739864 'g-loss:' 550.516602 'w-distance:' -602.256470
38 'd-loss:' -52.781815 'g-loss:' 557.935852 'w-distance:' -610.717651
39 'd-loss:' -55.219666 'g-loss:' 554.695007 'w-distance:' -609.914673
40 'd-loss:' -56.273521 'g-loss:' 545.455078 'w-distance:' -601.728577
41 'd-loss:' -56.022118 'g-loss:' 550.714478 'w-distance:' -606.736572
42 'd-loss:' -54.357513 'g-loss:' 554.942200 'w-distance:' -609.299683
43 'd-loss:' -55.078308 'g-loss:' 552.530273 'w-distance:' -607.608582
44 'd-loss:' -56.537071 'g-loss:' 547.813110 'w-distance:' -604.350159
45 'd-loss:' -56.862358 'g-loss:' 552.453674 'w-distance:' -609.316040
46 'd-loss:' -57.556236 'g-loss:' 548.994751 'w-distance:' -606.550964
47 'd-loss:' -58.980412 'g-loss:' 545.317627 'w-distance:' -604.298035
48 'd-loss:' -58.568802 'g-loss:' 541.922974 'w-distance:' -600.491760
49 'd-loss:' -58.238976 'g-loss:' 533.376465 'w-distance:' -591.615417
50 'd-loss:' -56.909988 'g-loss:' 531.977478 'w-distance:' -588.887451
51 'd-loss:' -56.880722 'g-loss:' 527.632263 'w-distance:' -584.513000
52 'd-loss:' -57.387489 'g-loss:' 537.478394 'w-distance:' -594.865906
53 'd-loss:' -58.444202 'g-loss:' 524.319763 'w-distance:' -582.763977
54 'd-loss:' -58.700581 'g-loss:' 533.913452 'w-distance:' -592.614014
55 'd-loss:' -59.397415 'g-loss:' 534.856812 'w-distance:' -594.254211
56 'd-loss:' -58.268921 'g-loss:' 531.590393 'w-distance:' -589.859314
57 'd-loss:' -57.783794 'g-loss:' 533.503906 'w-distance:' -591.287720
58 'd-loss:' -57.429649 'g-loss:' 523.926392 'w-distance:' -581.356018
59 'd-loss:' -57.726849 'g-loss:' 528.294739 'w-distance:' -586.021606
60 'd-loss:' -58.054665 'g-loss:' 521.804382 'w-distance:' -579.859070
61 'd-loss:' -58.458084 'g-loss:' 522.098633 'w-distance:' -580.556702
62 'd-loss:' -60.112564 'g-loss:' 521.691711 'w-distance:' -581.804260
63 'd-loss:' -60.660210 'g-loss:' 530.327271 'w-distance:' -590.987488
64 'd-loss:' -60.264442 'g-loss:' 517.641113 'w-distance:' -577.905579
65 'd-loss:' -59.136211 'g-loss:' 513.943176 'w-distance:' -573.079407
66 'd-loss:' -56.822689 'g-loss:' 517.838257 'w-distance:' -574.660950
67 'd-loss:' -56.428585 'g-loss:' 513.681458 'w-distance:' -570.110046
68 'd-loss:' -57.586967 'g-loss:' 522.319031 'w-distance:' -579.906006
69 'd-loss:' -58.773186 'g-loss:' 510.591492 'w-distance:' -569.364685
70 'd-loss:' -60.217518 'g-loss:' 514.566833 'w-distance:' -574.784363
71 'd-loss:' -57.923538 'g-loss:' 511.121979 'w-distance:' -569.045532
72 'd-loss:' -57.806320 'g-loss:' 503.101746 'w-distance:' -560.908081
73 'd-loss:' -58.394451 'g-loss:' 509.702637 'w-distance:' -568.097107
74 'd-loss:' -56.045120 'g-loss:' 504.066589 'w-distance:' -560.111694
75 'd-loss:' -57.391785 'g-loss:' 510.662811 'w-distance:' -568.054565
76 'd-loss:' -56.274490 'g-loss:' 521.219971 'w-distance:' -577.494446
77 'd-loss:' -55.997749 'g-loss:' 511.295319 'w-distance:' -567.293091
78 'd-loss:' -56.213905 'g-loss:' 502.931763 'w-distance:' -559.145691
79 'd-loss:' -57.306484 'g-loss:' 506.437714 'w-distance:' -563.744202
80 'd-loss:' -57.417816 'g-loss:' 500.708557 'w-distance:' -558.126343
81 'd-loss:' -57.912079 'g-loss:' 499.402679 'w-distance:' -557.314758
82 'd-loss:' -57.572197 'g-loss:' 497.900024 'w-distance:' -555.472229
83 'd-loss:' -57.166279 'g-loss:' 503.187195 'w-distance:' -560.353455
84 'd-loss:' -58.179306 'g-loss:' 499.223877 'w-distance:' -557.403198
85 'd-loss:' -57.984215 'g-loss:' 490.623077 'w-distance:' -548.607300
86 'd-loss:' -58.582123 'g-loss:' 496.676544 'w-distance:' -555.258667
87 'd-loss:' -58.611473 'g-loss:' 505.591766 'w-distance:' -564.203247
88 'd-loss:' -58.556370 'g-loss:' 505.184570 'w-distance:' -563.740967
89 'd-loss:' -57.877533 'g-loss:' 498.984924 'w-distance:' -556.862427
90 'd-loss:' -57.306484 'g-loss:' 493.126862 'w-distance:' -550.433350
91 'd-loss:' -58.251511 'g-loss:' 487.367065 'w-distance:' -545.618591
92 'd-loss:' -60.532433 'g-loss:' 493.749329 'w-distance:' -554.281738
93 'd-loss:' -58.230515 'g-loss:' 500.427124 'w-distance:' -558.657654
94 'd-loss:' -58.286366 'g-loss:' 488.930847 'w-distance:' -547.217224
95 'd-loss:' -59.246044 'g-loss:' 497.838074 'w-distance:' -557.084106
96 'd-loss:' -59.185390 'g-loss:' 492.871643 'w-distance:' -552.057007
97 'd-loss:' -55.955658 'g-loss:' 486.756165 'w-distance:' -542.711792
98 'd-loss:' -60.319191 'g-loss:' 471.141968 'w-distance:' -531.461182
99 'd-loss:' -58.427483 'g-loss:' 499.206146 'w-distance:' -557.633606
100 'd-loss:' -58.820366 'g-loss:' 482.128723 'w-distance:' -540.949097
101 'd-loss:' -59.534760 'g-loss:' 480.775940 'w-distance:' -540.310669
102 'd-loss:' -59.524799 'g-loss:' 483.302734 'w-distance:' -542.827515
103 'd-loss:' -59.260155 'g-loss:' 490.975098 'w-distance:' -550.235229
104 'd-loss:' -60.081722 'g-loss:' 484.879486 'w-distance:' -544.961182
105 'd-loss:' -60.297726 'g-loss:' 481.996948 'w-distance:' -542.294678
106 'd-loss:' -59.691238 'g-loss:' 483.048401 'w-distance:' -542.739624
107 'd-loss:' -59.161770 'g-loss:' 482.910706 'w-distance:' -542.072449
108 'd-loss:' -61.067802 'g-loss:' 478.178497 'w-distance:' -539.246277
109 'd-loss:' -60.504494 'g-loss:' 478.037506 'w-distance:' -538.541992
110 'd-loss:' -58.580280 'g-loss:' 470.901093 'w-distance:' -529.481384
111 'd-loss:' -60.321625 'g-loss:' 472.939697 'w-distance:' -533.261353
112 'd-loss:' -61.806034 'g-loss:' 474.128052 'w-distance:' -535.934082
113 'd-loss:' -62.039520 'g-loss:' 467.479370 'w-distance:' -529.518921
114 'd-loss:' -60.100338 'g-loss:' 470.601013 'w-distance:' -530.701355
115 'd-loss:' -60.429779 'g-loss:' 466.172668 'w-distance:' -526.602417
116 'd-loss:' -60.858585 'g-loss:' 472.565521 'w-distance:' -533.424133
117 'd-loss:' -60.816692 'g-loss:' 467.147705 'w-distance:' -527.964417
118 'd-loss:' -61.894989 'g-loss:' 467.123596 'w-distance:' -529.018555
119 'd-loss:' -60.782665 'g-loss:' 469.669556 'w-distance:' -530.452209
120 'd-loss:' -59.781563 'g-loss:' 478.290710 'w-distance:' -538.072266
121 'd-loss:' -60.852177 'g-loss:' 457.061707 'w-distance:' -517.913879
122 'd-loss:' -61.376396 'g-loss:' 474.514893 'w-distance:' -535.891296
123 'd-loss:' -62.662628 'g-loss:' 464.838562 'w-distance:' -527.501221
124 'd-loss:' -63.214401 'g-loss:' 476.142517 'w-distance:' -539.356934
125 'd-loss:' -61.493237 'g-loss:' 470.491638 'w-distance:' -531.984863
126 'd-loss:' -61.960571 'g-loss:' 471.991913 'w-distance:' -533.952515
127 'd-loss:' -62.148811 'g-loss:' 468.505920 'w-distance:' -530.654724
128 'd-loss:' -60.913837 'g-loss:' 466.092010 'w-distance:' -527.005859
129 'd-loss:' -60.843292 'g-loss:' 458.944427 'w-distance:' -519.787720
130 'd-loss:' -62.103516 'g-loss:' 459.446228 'w-distance:' -521.549744
131 'd-loss:' -60.764671 'g-loss:' 464.921753 'w-distance:' -525.686401
132 'd-loss:' -60.804420 'g-loss:' 471.441254 'w-distance:' -532.245667
133 'd-loss:' -62.174950 'g-loss:' 457.850769 'w-distance:' -520.025696
134 'd-loss:' -62.451836 'g-loss:' 464.099731 'w-distance:' -526.551575
135 'd-loss:' -61.569962 'g-loss:' 460.372559 'w-distance:' -521.942505
136 'd-loss:' -62.064522 'g-loss:' 461.299377 'w-distance:' -523.363892
137 'd-loss:' -61.488846 'g-loss:' 463.872345 'w-distance:' -525.361206
138 'd-loss:' -62.397270 'g-loss:' 463.816223 'w-distance:' -526.213501
139 'd-loss:' -62.095856 'g-loss:' 453.750641 'w-distance:' -515.846497
140 'd-loss:' -62.413738 'g-loss:' 455.897888 'w-distance:' -518.311646
141 'd-loss:' -61.785557 'g-loss:' 454.985992 'w-distance:' -516.771545
142 'd-loss:' -61.606842 'g-loss:' 452.638611 'w-distance:' -514.245483
143 'd-loss:' -62.581245 'g-loss:' 447.621521 'w-distance:' -510.202759
144 'd-loss:' -63.241699 'g-loss:' 443.048950 'w-distance:' -506.290649
145 'd-loss:' -62.859131 'g-loss:' 452.584167 'w-distance:' -515.443298
146 'd-loss:' -62.928490 'g-loss:' 446.939575 'w-distance:' -509.868073
147 'd-loss:' -62.263641 'g-loss:' 446.721344 'w-distance:' -508.984985
148 'd-loss:' -63.169266 'g-loss:' 440.180756 'w-distance:' -503.350037
149 'd-loss:' -63.076412 'g-loss:' 454.113007 'w-distance:' -517.189392
150 'd-loss:' -63.303452 'g-loss:' 450.998291 'w-distance:' -514.301758
151 'd-loss:' -63.428783 'g-loss:' 444.078491 'w-distance:' -507.507263
152 'd-loss:' -62.351368 'g-loss:' 442.719025 'w-distance:' -505.070404
153 'd-loss:' -63.260391 'g-loss:' 442.342194 'w-distance:' -505.602600
154 'd-loss:' -63.985149 'g-loss:' 444.472839 'w-distance:' -508.457977
155 'd-loss:' -64.634033 'g-loss:' 445.933258 'w-distance:' -510.567291
156 'd-loss:' -64.124664 'g-loss:' 439.810242 'w-distance:' -503.934906
157 'd-loss:' -62.971222 'g-loss:' 443.858307 'w-distance:' -506.829529
158 'd-loss:' -65.003632 'g-loss:' 442.195831 'w-distance:' -507.199463
159 'd-loss:' -63.640289 'g-loss:' 437.405884 'w-distance:' -501.046173
160 'd-loss:' -62.424850 'g-loss:' 442.482544 'w-distance:' -504.907410
161 'd-loss:' -62.172958 'g-loss:' 452.083740 'w-distance:' -514.256714
162 'd-loss:' -61.419144 'g-loss:' 433.533173 'w-distance:' -494.952332
163 'd-loss:' -62.940987 'g-loss:' 443.184845 'w-distance:' -506.125824
164 'd-loss:' -62.942833 'g-loss:' 443.281616 'w-distance:' -506.224457
165 'd-loss:' -65.165855 'g-loss:' 441.809418 'w-distance:' -506.975281
166 'd-loss:' -64.265160 'g-loss:' 435.714844 'w-distance:' -499.980011
167 'd-loss:' -62.825665 'g-loss:' 446.749695 'w-distance:' -509.575348
168 'd-loss:' -62.939152 'g-loss:' 443.957520 'w-distance:' -506.896667
169 'd-loss:' -63.525272 'g-loss:' 444.277679 'w-distance:' -507.802948
170 'd-loss:' -62.998734 'g-loss:' 431.102966 'w-distance:' -494.101685
171 'd-loss:' -64.222023 'g-loss:' 434.453552 'w-distance:' -498.675568
172 'd-loss:' -64.032249 'g-loss:' 428.335327 'w-distance:' -492.367584
173 'd-loss:' -64.229599 'g-loss:' 431.791687 'w-distance:' -496.021301
174 'd-loss:' -63.839912 'g-loss:' 436.988129 'w-distance:' -500.828033
175 'd-loss:' -63.957157 'g-loss:' 443.167480 'w-distance:' -507.124634
176 'd-loss:' -64.545685 'g-loss:' 438.354218 'w-distance:' -502.899902
177 'd-loss:' -63.288742 'g-loss:' 442.263275 'w-distance:' -505.552002
178 'd-loss:' -62.736675 'g-loss:' 435.835815 'w-distance:' -498.572479
179 'd-loss:' -63.072460 'g-loss:' 426.888550 'w-distance:' -489.960999
180 'd-loss:' -64.071732 'g-loss:' 426.875519 'w-distance:' -490.947266
181 'd-loss:' -64.737213 'g-loss:' 424.573547 'w-distance:' -489.310760
182 'd-loss:' -65.422104 'g-loss:' 430.921112 'w-distance:' -496.343201
183 'd-loss:' -64.688156 'g-loss:' 443.261963 'w-distance:' -507.950134
184 'd-loss:' -64.466934 'g-loss:' 432.668854 'w-distance:' -497.135803
185 'd-loss:' -63.521812 'g-loss:' 431.203766 'w-distance:' -494.725586
186 'd-loss:' -64.331718 'g-loss:' 420.204163 'w-distance:' -484.535889
187 'd-loss:' -65.442459 'g-loss:' 432.494019 'w-distance:' -497.936462
188 'd-loss:' -66.145012 'g-loss:' 429.577240 'w-distance:' -495.722260
189 'd-loss:' -65.970627 'g-loss:' 428.823486 'w-distance:' -494.794128
190 'd-loss:' -66.353958 'g-loss:' 432.404968 'w-distance:' -498.758911
191 'd-loss:' -65.327347 'g-loss:' 426.621002 'w-distance:' -491.948364
192 'd-loss:' -63.933594 'g-loss:' 425.247955 'w-distance:' -489.181549
193 'd-loss:' -64.300797 'g-loss:' 430.321716 'w-distance:' -494.622498
194 'd-loss:' -64.688522 'g-loss:' 425.396332 'w-distance:' -490.084839
195 'd-loss:' -64.992920 'g-loss:' 415.366516 'w-distance:' -480.359436
196 'd-loss:' -64.556328 'g-loss:' 419.409241 'w-distance:' -483.965576
197 'd-loss:' -63.551727 'g-loss:' 418.701416 'w-distance:' -482.253143
198 'd-loss:' -65.604172 'g-loss:' 434.961639 'w-distance:' -500.565796
199 'd-loss:' -64.789749 'g-loss:' 422.620789 'w-distance:' -487.410522
200 'd-loss:' -65.807640 'g-loss:' 418.496490 'w-distance:' -484.304138
201 'd-loss:' -66.354164 'g-loss:' 418.055756 'w-distance:' -484.409912
202 'd-loss:' -67.186569 'g-loss:' 420.105133 'w-distance:' -487.291687
203 'd-loss:' -64.808968 'g-loss:' 423.263214 'w-distance:' -488.072174
204 'd-loss:' -65.809090 'g-loss:' 410.140411 'w-distance:' -475.949493
205 'd-loss:' -65.715240 'g-loss:' 425.792969 'w-distance:' -491.508209
206 'd-loss:' -66.035797 'g-loss:' 423.953491 'w-distance:' -489.989288
207 'd-loss:' -66.241791 'g-loss:' 409.807312 'w-distance:' -476.049103
208 'd-loss:' -66.940483 'g-loss:' 410.313416 'w-distance:' -477.253906
209 'd-loss:' -65.881844 'g-loss:' 415.798706 'w-distance:' -481.680542
210 'd-loss:' -65.414162 'g-loss:' 418.137360 'w-distance:' -483.551514
211 'd-loss:' -65.997314 'g-loss:' 421.295227 'w-distance:' -487.292542
212 'd-loss:' -66.850456 'g-loss:' 414.589172 'w-distance:' -481.439636
213 'd-loss:' -68.991409 'g-loss:' 415.515594 'w-distance:' -484.507019
214 'd-loss:' -65.683632 'g-loss:' 413.592285 'w-distance:' -479.275909
215 'd-loss:' -65.929550 'g-loss:' 418.696655 'w-distance:' -484.626221
216 'd-loss:' -66.071350 'g-loss:' 414.079193 'w-distance:' -480.150543
217 'd-loss:' -66.064003 'g-loss:' 416.763306 'w-distance:' -482.827301
218 'd-loss:' -66.928139 'g-loss:' 411.093536 'w-distance:' -478.021667
219 'd-loss:' -65.715302 'g-loss:' 420.284668 'w-distance:' -485.999969
220 'd-loss:' -65.194885 'g-loss:' 410.565002 'w-distance:' -475.759888
221 'd-loss:' -66.203163 'g-loss:' 411.685608 'w-distance:' -477.888763
222 'd-loss:' -66.126671 'g-loss:' 406.798004 'w-distance:' -472.924683
223 'd-loss:' -66.127579 'g-loss:' 421.452820 'w-distance:' -487.580383
224 'd-loss:' -66.838722 'g-loss:' 408.633575 'w-distance:' -475.472290
225 'd-loss:' -67.312859 'g-loss:' 400.472900 'w-distance:' -467.785767
226 'd-loss:' -67.600517 'g-loss:' 407.093384 'w-distance:' -474.693909
227 'd-loss:' -66.935669 'g-loss:' 414.181824 'w-distance:' -481.117493
228 'd-loss:' -68.070091 'g-loss:' 411.118225 'w-distance:' -479.188324
229 'd-loss:' -66.887764 'g-loss:' 407.724365 'w-distance:' -474.612122
230 'd-loss:' -65.650208 'g-loss:' 406.528198 'w-distance:' -472.178406
231 'd-loss:' -65.651123 'g-loss:' 400.893799 'w-distance:' -466.544922
232 'd-loss:' -66.798447 'g-loss:' 396.156769 'w-distance:' -462.955200
233 'd-loss:' -65.736328 'g-loss:' 400.983276 'w-distance:' -466.719604
234 'd-loss:' -65.495712 'g-loss:' 401.282227 'w-distance:' -466.777954
235 'd-loss:' -67.081635 'g-loss:' 396.943237 'w-distance:' -464.024872
236 'd-loss:' -66.883972 'g-loss:' 402.914581 'w-distance:' -469.798553
237 'd-loss:' -67.731972 'g-loss:' 403.479553 'w-distance:' -471.211517
238 'd-loss:' -68.015694 'g-loss:' 394.103638 'w-distance:' -462.119324
239 'd-loss:' -67.494614 'g-loss:' 401.640869 'w-distance:' -469.135498
240 'd-loss:' -67.549736 'g-loss:' 405.685120 'w-distance:' -473.234863
241 'd-loss:' -68.292770 'g-loss:' 401.033264 'w-distance:' -469.326050
242 'd-loss:' -66.473892 'g-loss:' 398.036316 'w-distance:' -464.510193
243 'd-loss:' -67.339989 'g-loss:' 397.315918 'w-distance:' -464.655914
244 'd-loss:' -68.597816 'g-loss:' 405.554779 'w-distance:' -474.152588
245 'd-loss:' -66.422714 'g-loss:' 399.601044 'w-distance:' -466.023743
246 'd-loss:' -67.908600 'g-loss:' 392.901520 'w-distance:' -460.810120
247 'd-loss:' -69.451233 'g-loss:' 397.193268 'w-distance:' -466.644501
248 'd-loss:' -67.671333 'g-loss:' 395.585205 'w-distance:' -463.256531
249 'd-loss:' -65.363358 'g-loss:' 402.039856 'w-distance:' -467.403198
250 'd-loss:' -68.312332 'g-loss:' 400.387878 'w-distance:' -468.700195
251 'd-loss:' -68.392906 'g-loss:' 398.009552 'w-distance:' -466.402466
252 'd-loss:' -68.903122 'g-loss:' 398.629272 'w-distance:' -467.532410
253 'd-loss:' -67.588318 'g-loss:' 401.715149 'w-distance:' -469.303467
254 'd-loss:' -69.663399 'g-loss:' 394.237183 'w-distance:' -463.900574
255 'd-loss:' -69.943687 'g-loss:' 400.528198 'w-distance:' -470.471893
256 'd-loss:' -69.877502 'g-loss:' 392.619141 'w-distance:' -462.496643
257 'd-loss:' -68.807709 'g-loss:' 390.145172 'w-distance:' -458.952881
258 'd-loss:' -70.566727 'g-loss:' 398.968414 'w-distance:' -469.535156
259 'd-loss:' -69.895676 'g-loss:' 397.757263 'w-distance:' -467.652954
260 'd-loss:' -69.677666 'g-loss:' 401.712891 'w-distance:' -471.390564
261 'd-loss:' -69.137329 'g-loss:' 396.809631 'w-distance:' -465.946960
262 'd-loss:' -69.711754 'g-loss:' 397.193848 'w-distance:' -466.905609
263 'd-loss:' -69.328575 'g-loss:' 393.178833 'w-distance:' -462.507416
264 'd-loss:' -71.178238 'g-loss:' 389.785461 'w-distance:' -460.963684
265 'd-loss:' -69.146797 'g-loss:' 397.208618 'w-distance:' -466.355408
266 'd-loss:' -68.974251 'g-loss:' 397.634705 'w-distance:' -466.608948
267 'd-loss:' -70.288963 'g-loss:' 388.286133 'w-distance:' -458.575104
268 'd-loss:' -71.262787 'g-loss:' 382.278442 'w-distance:' -453.541229
269 'd-loss:' -69.537720 'g-loss:' 391.419861 'w-distance:' -460.957581
270 'd-loss:' -69.793518 'g-loss:' 393.498169 'w-distance:' -463.291687
271 'd-loss:' -69.924103 'g-loss:' 383.727417 'w-distance:' -453.651520
272 'd-loss:' -69.995094 'g-loss:' 391.599915 'w-distance:' -461.595001
273 'd-loss:' -69.532074 'g-loss:' 399.032257 'w-distance:' -468.564331
274 'd-loss:' -70.397095 'g-loss:' 388.724091 'w-distance:' -459.121185
275 'd-loss:' -72.046753 'g-loss:' 391.479736 'w-distance:' -463.526489
276 'd-loss:' -71.180573 'g-loss:' 389.323486 'w-distance:' -460.504059
277 'd-loss:' -71.135048 'g-loss:' 396.128967 'w-distance:' -467.264008
278 'd-loss:' -69.882126 'g-loss:' 393.087402 'w-distance:' -462.969543
279 'd-loss:' -70.200394 'g-loss:' 377.746643 'w-distance:' -447.947021
280 'd-loss:' -71.897079 'g-loss:' 384.159912 'w-distance:' -456.057007
281 'd-loss:' -70.674896 'g-loss:' 384.558105 'w-distance:' -455.233002
282 'd-loss:' -70.711212 'g-loss:' 388.957550 'w-distance:' -459.668762
283 'd-loss:' -69.961540 'g-loss:' 389.937073 'w-distance:' -459.898621
284 'd-loss:' -72.657791 'g-loss:' 385.039093 'w-distance:' -457.696899
285 'd-loss:' -70.605225 'g-loss:' 396.455505 'w-distance:' -467.060730
286 'd-loss:' -67.818207 'g-loss:' 387.464264 'w-distance:' -455.282471
287 'd-loss:' -68.978104 'g-loss:' 380.507965 'w-distance:' -449.486084
288 'd-loss:' -70.443176 'g-loss:' 375.697784 'w-distance:' -446.140961
289 'd-loss:' -71.493027 'g-loss:' 380.946075 'w-distance:' -452.439087
290 'd-loss:' -71.732132 'g-loss:' 387.309814 'w-distance:' -459.041931
291 'd-loss:' -72.441788 'g-loss:' 389.191101 'w-distance:' -461.632874
292 'd-loss:' -73.592728 'g-loss:' 382.321747 'w-distance:' -455.914490
293 'd-loss:' -73.017395 'g-loss:' 373.427002 'w-distance:' -446.444397
294 'd-loss:' -71.523438 'g-loss:' 383.473328 'w-distance:' -454.996765
295 'd-loss:' -70.497925 'g-loss:' 388.649475 'w-distance:' -459.147400
296 'd-loss:' -73.203201 'g-loss:' 385.471558 'w-distance:' -458.674744
297 'd-loss:' -71.796082 'g-loss:' 378.180054 'w-distance:' -449.976135
298 'd-loss:' -71.264915 'g-loss:' 385.768799 'w-distance:' -457.033722
299 'd-loss:' -72.022072 'g-loss:' 384.631104 'w-distance:' -456.653168
300 'd-loss:' -71.525665 'g-loss:' 375.680725 'w-distance:' -447.206390
301 'd-loss:' -71.086914 'g-loss:' 389.582306 'w-distance:' -460.669220
302 'd-loss:' -72.258667 'g-loss:' 374.322632 'w-distance:' -446.581299
303 'd-loss:' -72.447685 'g-loss:' 375.735199 'w-distance:' -448.182892
304 'd-loss:' -73.557785 'g-loss:' 373.651611 'w-distance:' -447.209412
305 'd-loss:' -70.124840 'g-loss:' 380.191803 'w-distance:' -450.316650
306 'd-loss:' -72.005905 'g-loss:' 384.221252 'w-distance:' -456.227173
307 'd-loss:' -73.772217 'g-loss:' 381.491089 'w-distance:' -455.263306
308 'd-loss:' -71.765808 'g-loss:' 377.194458 'w-distance:' -448.960266
309 'd-loss:' -73.831902 'g-loss:' 381.539062 'w-distance:' -455.370972
310 'd-loss:' -73.244331 'g-loss:' 371.453430 'w-distance:' -444.697754
311 'd-loss:' -72.442596 'g-loss:' 368.196289 'w-distance:' -440.638885
312 'd-loss:' -74.058899 'g-loss:' 374.574890 'w-distance:' -448.633789
313 'd-loss:' -73.180016 'g-loss:' 376.390198 'w-distance:' -449.570221
314 'd-loss:' -74.285156 'g-loss:' 368.620117 'w-distance:' -442.905273
315 'd-loss:' -73.618805 'g-loss:' 373.393616 'w-distance:' -447.012421
316 'd-loss:' -76.734146 'g-loss:' 361.097778 'w-distance:' -437.831909
317 'd-loss:' -75.960144 'g-loss:' 371.813629 'w-distance:' -447.773773
318 'd-loss:' -76.075241 'g-loss:' 378.189301 'w-distance:' -454.264526
319 'd-loss:' -74.503242 'g-loss:' 377.878693 'w-distance:' -452.381927
320 'd-loss:' -74.125999 'g-loss:' 379.263031 'w-distance:' -453.389038
321 'd-loss:' -73.594482 'g-loss:' 361.313782 'w-distance:' -434.908264
322 'd-loss:' -73.738441 'g-loss:' 372.517883 'w-distance:' -446.256317
323 'd-loss:' -75.466881 'g-loss:' 384.143250 'w-distance:' -459.610138
324 'd-loss:' -72.320755 'g-loss:' 375.587402 'w-distance:' -447.908142
325 'd-loss:' -74.283966 'g-loss:' 365.237427 'w-distance:' -439.521393
326 'd-loss:' -75.012161 'g-loss:' 369.915344 'w-distance:' -444.927490
327 'd-loss:' -75.565186 'g-loss:' 371.427338 'w-distance:' -446.992523
328 'd-loss:' -75.939102 'g-loss:' 374.494507 'w-distance:' -450.433594
329 'd-loss:' -75.220955 'g-loss:' 375.662415 'w-distance:' -450.883362
330 'd-loss:' -72.991707 'g-loss:' 370.161621 'w-distance:' -443.153320
331 'd-loss:' -72.624527 'g-loss:' 366.071838 'w-distance:' -438.696350
332 'd-loss:' -74.787506 'g-loss:' 350.920990 'w-distance:' -425.708496
333 'd-loss:' -77.495285 'g-loss:' 366.156860 'w-distance:' -443.652161
334 'd-loss:' -76.333115 'g-loss:' 364.341980 'w-distance:' -440.675110
335 'd-loss:' -75.899292 'g-loss:' 369.521179 'w-distance:' -445.420471
336 'd-loss:' -77.337257 'g-loss:' 353.353027 'w-distance:' -430.690277
337 'd-loss:' -76.676682 'g-loss:' 366.845612 'w-distance:' -443.522278
338 'd-loss:' -76.643707 'g-loss:' 376.544495 'w-distance:' -453.188202
339 'd-loss:' -74.812309 'g-loss:' 357.246216 'w-distance:' -432.058533
340 'd-loss:' -75.601120 'g-loss:' 354.594391 'w-distance:' -430.195496
341 'd-loss:' -77.452171 'g-loss:' 363.776276 'w-distance:' -441.228455
342 'd-loss:' -76.675827 'g-loss:' 367.470490 'w-distance:' -444.146301
343 'd-loss:' -76.000946 'g-loss:' 355.306519 'w-distance:' -431.307465
344 'd-loss:' -77.362396 'g-loss:' 361.254761 'w-distance:' -438.617157
345 'd-loss:' -77.358932 'g-loss:' 363.818970 'w-distance:' -441.177917
346 'd-loss:' -77.944542 'g-loss:' 354.428192 'w-distance:' -432.372742
347 'd-loss:' -75.920311 'g-loss:' 356.516296 'w-distance:' -432.436615
348 'd-loss:' -78.243332 'g-loss:' 361.294434 'w-distance:' -439.537781
349 'd-loss:' -76.303352 'g-loss:' 357.038513 'w-distance:' -433.341858
350 'd-loss:' -78.100487 'g-loss:' 350.765930 'w-distance:' -428.866425
351 'd-loss:' -75.857407 'g-loss:' 362.280579 'w-distance:' -438.138000
352 'd-loss:' -73.197540 'g-loss:' 365.873199 'w-distance:' -439.070740
353 'd-loss:' -78.540924 'g-loss:' 348.635803 'w-distance:' -427.176727
354 'd-loss:' -78.063461 'g-loss:' 359.282654 'w-distance:' -437.346130
355 'd-loss:' -76.985382 'g-loss:' 368.385254 'w-distance:' -445.370636
356 'd-loss:' -79.219215 'g-loss:' 356.085632 'w-distance:' -435.304840
357 'd-loss:' -76.767921 'g-loss:' 359.519531 'w-distance:' -436.287445
358 'd-loss:' -74.640198 'g-loss:' 353.902893 'w-distance:' -428.543091
359 'd-loss:' -76.648148 'g-loss:' 342.993896 'w-distance:' -419.642029
360 'd-loss:' -77.912964 'g-loss:' 355.427612 'w-distance:' -433.340576
361 'd-loss:' -80.050278 'g-loss:' 349.900757 'w-distance:' -429.951050
362 'd-loss:' -79.447952 'g-loss:' 352.636139 'w-distance:' -432.084106
363 'd-loss:' -79.861496 'g-loss:' 353.641785 'w-distance:' -433.503296
364 'd-loss:' -80.125412 'g-loss:' 352.104126 'w-distance:' -432.229553
365 'd-loss:' -77.660675 'g-loss:' 354.467407 'w-distance:' -432.128082
366 'd-loss:' -77.460327 'g-loss:' 354.715851 'w-distance:' -432.176178
367 'd-loss:' -77.699310 'g-loss:' 361.309113 'w-distance:' -439.008423
368 'd-loss:' -78.079529 'g-loss:' 356.159607 'w-distance:' -434.239136
369 'd-loss:' -81.077530 'g-loss:' 354.281738 'w-distance:' -435.359253
370 'd-loss:' -78.523209 'g-loss:' 354.447174 'w-distance:' -432.970398
371 'd-loss:' -78.540298 'g-loss:' 358.817291 'w-distance:' -437.357605
372 'd-loss:' -76.954834 'g-loss:' 355.726501 'w-distance:' -432.681335
373 'd-loss:' -78.808586 'g-loss:' 348.186798 'w-distance:' -426.995392
374 'd-loss:' -79.101318 'g-loss:' 342.506531 'w-distance:' -421.607849
375 'd-loss:' -77.648727 'g-loss:' 346.417969 'w-distance:' -424.066711
376 'd-loss:' -80.936714 'g-loss:' 337.698120 'w-distance:' -418.634827
377 'd-loss:' -80.237289 'g-loss:' 336.840942 'w-distance:' -417.078247
378 'd-loss:' -81.499550 'g-loss:' 337.097229 'w-distance:' -418.596771
379 'd-loss:' -81.203354 'g-loss:' 340.949615 'w-distance:' -422.152954
380 'd-loss:' -79.950165 'g-loss:' 352.333740 'w-distance:' -432.283905
381 'd-loss:' -79.996292 'g-loss:' 341.958679 'w-distance:' -421.954956
382 'd-loss:' -80.555420 'g-loss:' 339.681610 'w-distance:' -420.237030
383 'd-loss:' -80.454544 'g-loss:' 347.582825 'w-distance:' -428.037354
384 'd-loss:' -78.723862 'g-loss:' 349.078705 'w-distance:' -427.802551
385 'd-loss:' -77.715584 'g-loss:' 341.619446 'w-distance:' -419.335022
386 'd-loss:' -80.826950 'g-loss:' 334.667542 'w-distance:' -415.494507
387 'd-loss:' -82.268967 'g-loss:' 349.992462 'w-distance:' -432.261414
388 'd-loss:' -80.500359 'g-loss:' 336.397766 'w-distance:' -416.898132
389 'd-loss:' -80.072983 'g-loss:' 337.079437 'w-distance:' -417.152405
390 'd-loss:' -78.810844 'g-loss:' 344.711121 'w-distance:' -423.521973
391 'd-loss:' -80.526947 'g-loss:' 343.717590 'w-distance:' -424.244537
392 'd-loss:' -77.922035 'g-loss:' 345.157257 'w-distance:' -423.079285
393 'd-loss:' -81.266846 'g-loss:' 335.441132 'w-distance:' -416.707977
394 'd-loss:' -77.853371 'g-loss:' 347.802856 'w-distance:' -425.656219
395 'd-loss:' -78.226990 'g-loss:' 336.178955 'w-distance:' -414.405945
396 'd-loss:' -81.013596 'g-loss:' 338.195160 'w-distance:' -419.208740
397 'd-loss:' -81.940826 'g-loss:' 345.961609 'w-distance:' -427.902435
398 'd-loss:' -82.422646 'g-loss:' 342.358826 'w-distance:' -424.781464
399 'd-loss:' -79.474487 'g-loss:' 345.905426 'w-distance:' -425.379913
400 'd-loss:' -79.958984 'g-loss:' 334.360413 'w-distance:' -414.319397
401 'd-loss:' -80.856583 'g-loss:' 338.660919 'w-distance:' -419.517517
402 'd-loss:' -80.117149 'g-loss:' 336.230255 'w-distance:' -416.347412
403 'd-loss:' -80.086807 'g-loss:' 337.800934 'w-distance:' -417.887756
404 'd-loss:' -80.716553 'g-loss:' 334.082306 'w-distance:' -414.798859
405 'd-loss:' -80.747955 'g-loss:' 336.731628 'w-distance:' -417.479584
406 'd-loss:' -83.128220 'g-loss:' 334.892242 'w-distance:' -418.020447
407 'd-loss:' -80.840584 'g-loss:' 344.021423 'w-distance:' -424.862000
408 'd-loss:' -80.474289 'g-loss:' 329.044037 'w-distance:' -409.518311
409 'd-loss:' -82.622925 'g-loss:' 334.716309 'w-distance:' -417.339233
410 'd-loss:' -81.239120 'g-loss:' 334.961487 'w-distance:' -416.200623
411 'd-loss:' -81.781967 'g-loss:' 336.687866 'w-distance:' -418.469849
412 'd-loss:' -83.137802 'g-loss:' 334.017029 'w-distance:' -417.154846
413 'd-loss:' -82.822174 'g-loss:' 336.182068 'w-distance:' -419.004242
414 'd-loss:' -83.032112 'g-loss:' 338.049988 'w-distance:' -421.082092
415 'd-loss:' -81.407623 'g-loss:' 335.344482 'w-distance:' -416.752106
416 'd-loss:' -80.106781 'g-loss:' 345.373474 'w-distance:' -425.480255
417 'd-loss:' -81.794907 'g-loss:' 327.819641 'w-distance:' -409.614563
418 'd-loss:' -83.377525 'g-loss:' 330.757233 'w-distance:' -414.134766
419 'd-loss:' -81.195923 'g-loss:' 334.928162 'w-distance:' -416.124084
420 'd-loss:' -83.085541 'g-loss:' 341.366577 'w-distance:' -424.452118
421 'd-loss:' -82.870636 'g-loss:' 337.895813 'w-distance:' -420.766449
422 'd-loss:' -81.464119 'g-loss:' 329.490356 'w-distance:' -410.954468
423 'd-loss:' -81.503700 'g-loss:' 325.664429 'w-distance:' -407.168121
424 'd-loss:' -80.105286 'g-loss:' 340.450256 'w-distance:' -420.555542
425 'd-loss:' -79.908035 'g-loss:' 320.222931 'w-distance:' -400.130981
426 'd-loss:' -84.125015 'g-loss:' 332.910400 'w-distance:' -417.035400
427 'd-loss:' -81.773453 'g-loss:' 331.559998 'w-distance:' -413.333435
428 'd-loss:' -80.771027 'g-loss:' 331.659546 'w-distance:' -412.430573
429 'd-loss:' -83.029282 'g-loss:' 334.726257 'w-distance:' -417.755554
430 'd-loss:' -80.927261 'g-loss:' 329.667542 'w-distance:' -410.594788
431 'd-loss:' -81.058189 'g-loss:' 334.794922 'w-distance:' -415.853119
432 'd-loss:' -83.323692 'g-loss:' 325.857727 'w-distance:' -409.181427
433 'd-loss:' -81.154198 'g-loss:' 332.504700 'w-distance:' -413.658905
434 'd-loss:' -81.456589 'g-loss:' 321.334412 'w-distance:' -402.791016
435 'd-loss:' -82.930672 'g-loss:' 328.421021 'w-distance:' -411.351685
436 'd-loss:' -84.081741 'g-loss:' 321.124084 'w-distance:' -405.205811
437 'd-loss:' -83.558800 'g-loss:' 329.774292 'w-distance:' -413.333099
438 'd-loss:' -83.002670 'g-loss:' 325.315887 'w-distance:' -408.318542
439 'd-loss:' -81.514374 'g-loss:' 334.231384 'w-distance:' -415.745758
440 'd-loss:' -81.612274 'g-loss:' 325.911926 'w-distance:' -407.524200
441 'd-loss:' -83.715393 'g-loss:' 325.542175 'w-distance:' -409.257568
442 'd-loss:' -83.044945 'g-loss:' 325.730255 'w-distance:' -408.775208
443 'd-loss:' -81.379372 'g-loss:' 326.864441 'w-distance:' -408.243805
444 'd-loss:' -81.541519 'g-loss:' 319.679626 'w-distance:' -401.221130
445 'd-loss:' -82.973251 'g-loss:' 320.596436 'w-distance:' -403.569702
446 'd-loss:' -82.471527 'g-loss:' 327.128052 'w-distance:' -409.599579
447 'd-loss:' -82.877686 'g-loss:' 320.978638 'w-distance:' -403.856323
448 'd-loss:' -82.481071 'g-loss:' 319.142303 'w-distance:' -401.623383
449 'd-loss:' -82.474503 'g-loss:' 323.499756 'w-distance:' -405.974243
450 'd-loss:' -82.738052 'g-loss:' 324.473633 'w-distance:' -407.211670
451 'd-loss:' -84.006264 'g-loss:' 318.367554 'w-distance:' -402.373810
452 'd-loss:' -84.541473 'g-loss:' 326.391510 'w-distance:' -410.932983
453 'd-loss:' -83.961998 'g-loss:' 318.094604 'w-distance:' -402.056610
454 'd-loss:' -84.629250 'g-loss:' 324.758728 'w-distance:' -409.387970
455 'd-loss:' -77.963745 'g-loss:' 319.843445 'w-distance:' -397.807190
456 'd-loss:' -83.865707 'g-loss:' 314.307770 'w-distance:' -398.173462
457 'd-loss:' -82.387817 'g-loss:' 322.280060 'w-distance:' -404.667877
458 'd-loss:' -81.001144 'g-loss:' 318.513000 'w-distance:' -399.514160
459 'd-loss:' -83.203407 'g-loss:' 322.796783 'w-distance:' -406.000183
460 'd-loss:' -83.442253 'g-loss:' 327.756256 'w-distance:' -411.198517
461 'd-loss:' -85.539139 'g-loss:' 313.838715 'w-distance:' -399.377869
462 'd-loss:' -85.058723 'g-loss:' 326.545105 'w-distance:' -411.603821
463 'd-loss:' -86.114616 'g-loss:' 320.316772 'w-distance:' -406.431396
464 'd-loss:' -82.840767 'g-loss:' 325.644073 'w-distance:' -408.484833
465 'd-loss:' -83.297356 'g-loss:' 308.484375 'w-distance:' -391.781738
466 'd-loss:' -83.773300 'g-loss:' 319.339355 'w-distance:' -403.112671
467 'd-loss:' -83.131996 'g-loss:' 320.401123 'w-distance:' -403.533112
468 'd-loss:' -82.903015 'g-loss:' 322.791962 'w-distance:' -405.694977
469 'd-loss:' -86.115585 'g-loss:' 312.246826 'w-distance:' -398.362427
470 'd-loss:' -84.045403 'g-loss:' 313.921051 'w-distance:' -397.966461
471 'd-loss:' -84.783386 'g-loss:' 325.323303 'w-distance:' -410.106689
472 'd-loss:' -83.978302 'g-loss:' 315.827911 'w-distance:' -399.806213
473 'd-loss:' -83.630379 'g-loss:' 313.942688 'w-distance:' -397.573059
474 'd-loss:' -83.691193 'g-loss:' 322.184875 'w-distance:' -405.876068
475 'd-loss:' -83.362724 'g-loss:' 313.752441 'w-distance:' -397.115173
476 'd-loss:' -83.176643 'g-loss:' 317.461731 'w-distance:' -400.638367
477 'd-loss:' -83.483078 'g-loss:' 314.885864 'w-distance:' -398.368958
478 'd-loss:' -85.332748 'g-loss:' 319.089569 'w-distance:' -404.422302
479 'd-loss:' -85.525421 'g-loss:' 320.613525 'w-distance:' -406.138947
480 'd-loss:' -83.232025 'g-loss:' 324.416138 'w-distance:' -407.648163
481 'd-loss:' -80.212311 'g-loss:' 312.993896 'w-distance:' -393.206207
482 'd-loss:' -82.492920 'g-loss:' 311.168701 'w-distance:' -393.661621
483 'd-loss:' -84.593475 'g-loss:' 311.343445 'w-distance:' -395.936920
484 'd-loss:' -84.286331 'g-loss:' 314.246094 'w-distance:' -398.532410
485 'd-loss:' -84.532616 'g-loss:' 309.571777 'w-distance:' -394.104401
486 'd-loss:' -84.652115 'g-loss:' 310.137329 'w-distance:' -394.789429
487 'd-loss:' -84.844765 'g-loss:' 317.190979 'w-distance:' -402.035736
488 'd-loss:' -84.575592 'g-loss:' 316.476776 'w-distance:' -401.052368
489 'd-loss:' -80.749268 'g-loss:' 311.527435 'w-distance:' -392.276703
490 'd-loss:' -83.078766 'g-loss:' 301.385864 'w-distance:' -384.464630
491 'd-loss:' -84.177605 'g-loss:' 316.713806 'w-distance:' -400.891418
492 'd-loss:' -84.294250 'g-loss:' 308.424316 'w-distance:' -392.718567
493 'd-loss:' -84.782639 'g-loss:' 313.931458 'w-distance:' -398.714111
494 'd-loss:' -84.059120 'g-loss:' 303.096588 'w-distance:' -387.155701
495 'd-loss:' -83.282364 'g-loss:' 315.852173 'w-distance:' -399.134521
496 'd-loss:' -85.133171 'g-loss:' 302.868164 'w-distance:' -388.001343
497 'd-loss:' -83.556229 'g-loss:' 303.707123 'w-distance:' -387.263367
498 'd-loss:' -83.279114 'g-loss:' 313.535339 'w-distance:' -396.814453
499 'd-loss:' -85.458122 'g-loss:' 300.040070 'w-distance:' -385.498199
500 'd-loss:' -83.501236 'g-loss:' 315.183868 'w-distance:' -398.685120
501 'd-loss:' -84.965286 'g-loss:' 304.317505 'w-distance:' -389.282776
502 'd-loss:' -86.073112 'g-loss:' 306.187561 'w-distance:' -392.260681
503 'd-loss:' -83.539108 'g-loss:' 307.589355 'w-distance:' -391.128479
504 'd-loss:' -82.803482 'g-loss:' 297.702667 'w-distance:' -380.506165
505 'd-loss:' -81.231293 'g-loss:' 296.201874 'w-distance:' -377.433167
506 'd-loss:' -85.261772 'g-loss:' 300.171021 'w-distance:' -385.432800
507 'd-loss:' -85.489998 'g-loss:' 304.686615 'w-distance:' -390.176605
508 'd-loss:' -85.601852 'g-loss:' 304.219116 'w-distance:' -389.820984
509 'd-loss:' -83.841125 'g-loss:' 304.026672 'w-distance:' -387.867798
510 'd-loss:' -84.845932 'g-loss:' 305.876068 'w-distance:' -390.721985
511 'd-loss:' -84.422905 'g-loss:' 298.844666 'w-distance:' -383.267578
512 'd-loss:' -84.402557 'g-loss:' 296.552582 'w-distance:' -380.955139
513 'd-loss:' -85.539680 'g-loss:' 303.834137 'w-distance:' -389.373810
514 'd-loss:' -85.405975 'g-loss:' 298.659790 'w-distance:' -384.065765
515 'd-loss:' -79.874458 'g-loss:' 307.013672 'w-distance:' -386.888123
516 'd-loss:' -83.029228 'g-loss:' 291.872986 'w-distance:' -374.902222
517 'd-loss:' -85.132446 'g-loss:' 296.052704 'w-distance:' -381.185150
518 'd-loss:' -84.486000 'g-loss:' 305.309448 'w-distance:' -389.795441
519 'd-loss:' -82.057838 'g-loss:' 297.580627 'w-distance:' -379.638458
520 'd-loss:' -84.091705 'g-loss:' 293.502167 'w-distance:' -377.593872
521 'd-loss:' -84.661247 'g-loss:' 293.646027 'w-distance:' -378.307281
522 'd-loss:' -84.926178 'g-loss:' 306.098816 'w-distance:' -391.024994
523 'd-loss:' -84.822914 'g-loss:' 308.063080 'w-distance:' -392.885986
524 'd-loss:' -82.723099 'g-loss:' 301.026062 'w-distance:' -383.749146
525 'd-loss:' -86.235085 'g-loss:' 300.149658 'w-distance:' -386.384735
526 'd-loss:' -83.432617 'g-loss:' 309.077576 'w-distance:' -392.510193
527 'd-loss:' -84.669891 'g-loss:' 296.239258 'w-distance:' -380.909149
528 'd-loss:' -84.944794 'g-loss:' 294.057007 'w-distance:' -379.001801
529 'd-loss:' -85.246567 'g-loss:' 302.883148 'w-distance:' -388.129700
530 'd-loss:' -82.314812 'g-loss:' 298.157898 'w-distance:' -380.472717
531 'd-loss:' -85.935028 'g-loss:' 293.452942 'w-distance:' -379.387970
532 'd-loss:' -86.868942 'g-loss:' 298.818970 'w-distance:' -385.687927
533 'd-loss:' -84.193840 'g-loss:' 305.386230 'w-distance:' -389.580078
534 'd-loss:' -86.022636 'g-loss:' 296.882141 'w-distance:' -382.904785
535 'd-loss:' -86.081734 'g-loss:' 308.131897 'w-distance:' -394.213623
536 'd-loss:' -84.411133 'g-loss:' 300.439240 'w-distance:' -384.850372
537 'd-loss:' -85.183830 'g-loss:' 298.961456 'w-distance:' -384.145294
538 'd-loss:' -85.006973 'g-loss:' 310.625610 'w-distance:' -395.632568
539 'd-loss:' -85.569160 'g-loss:' 302.328491 'w-distance:' -387.897644
540 'd-loss:' -83.063293 'g-loss:' 306.218689 'w-distance:' -389.281982
541 'd-loss:' -84.092194 'g-loss:' 286.627075 'w-distance:' -370.719269
542 'd-loss:' -85.656837 'g-loss:' 305.444031 'w-distance:' -391.100861
543 'd-loss:' -85.414368 'g-loss:' 306.500671 'w-distance:' -391.915039
544 'd-loss:' -83.161362 'g-loss:' 296.456421 'w-distance:' -379.617798
545 'd-loss:' -83.390015 'g-loss:' 297.535187 'w-distance:' -380.925201
546 'd-loss:' -85.304787 'g-loss:' 300.044067 'w-distance:' -385.348846
547 'd-loss:' -86.010948 'g-loss:' 290.687256 'w-distance:' -376.698212
548 'd-loss:' -83.879959 'g-loss:' 297.370026 'w-distance:' -381.250000
549 'd-loss:' -86.435211 'g-loss:' 286.736938 'w-distance:' -373.172150
550 'd-loss:' -83.557907 'g-loss:' 305.659363 'w-distance:' -389.217285
551 'd-loss:' -83.644836 'g-loss:' 287.558167 'w-distance:' -371.203003
552 'd-loss:' -85.027939 'g-loss:' 287.140259 'w-distance:' -372.168213
553 'd-loss:' -87.276863 'g-loss:' 296.378906 'w-distance:' -383.655762
554 'd-loss:' -83.599350 'g-loss:' 296.317413 'w-distance:' -379.916748
555 'd-loss:' -86.476662 'g-loss:' 287.622864 'w-distance:' -374.099518
556 'd-loss:' -86.304489 'g-loss:' 300.309143 'w-distance:' -386.613647
557 'd-loss:' -86.845840 'g-loss:' 298.280579 'w-distance:' -385.126404
558 'd-loss:' -86.727997 'g-loss:' 293.923523 'w-distance:' -380.651520
559 'd-loss:' -87.300308 'g-loss:' 292.440094 'w-distance:' -379.740417
560 'd-loss:' -86.949112 'g-loss:' 299.569214 'w-distance:' -386.518311
561 'd-loss:' -88.786140 'g-loss:' 297.801392 'w-distance:' -386.587524
562 'd-loss:' -88.026077 'g-loss:' 298.487488 'w-distance:' -386.513550
563 'd-loss:' -85.445045 'g-loss:' 302.779144 'w-distance:' -388.224182
564 'd-loss:' -86.451401 'g-loss:' 292.078979 'w-distance:' -378.530396
565 'd-loss:' -83.640808 'g-loss:' 295.067535 'w-distance:' -378.708344
566 'd-loss:' -85.913086 'g-loss:' 289.389893 'w-distance:' -375.302979
567 'd-loss:' -87.342033 'g-loss:' 299.440643 'w-distance:' -386.782684
568 'd-loss:' -85.039673 'g-loss:' 297.684326 'w-distance:' -382.723999
569 'd-loss:' -85.041595 'g-loss:' 289.185242 'w-distance:' -374.226837
570 'd-loss:' -86.735397 'g-loss:' 297.592224 'w-distance:' -384.327637
571 'd-loss:' -87.407364 'g-loss:' 290.493286 'w-distance:' -377.900635
572 'd-loss:' -82.660515 'g-loss:' 297.757629 'w-distance:' -380.418152
573 'd-loss:' -86.575043 'g-loss:' 280.535370 'w-distance:' -367.110413
574 'd-loss:' -85.558083 'g-loss:' 293.708801 'w-distance:' -379.266876
575 'd-loss:' -85.550079 'g-loss:' 287.200073 'w-distance:' -372.750153
576 'd-loss:' -86.435501 'g-loss:' 284.280640 'w-distance:' -370.716125
577 'd-loss:' -84.259888 'g-loss:' 293.294067 'w-distance:' -377.553955
578 'd-loss:' -82.354568 'g-loss:' 293.474976 'w-distance:' -375.829529
579 'd-loss:' -85.407127 'g-loss:' 283.766632 'w-distance:' -369.173767
580 'd-loss:' -86.634415 'g-loss:' 289.561218 'w-distance:' -376.195618
581 'd-loss:' -88.524490 'g-loss:' 300.004333 'w-distance:' -388.528809
582 'd-loss:' -83.996880 'g-loss:' 289.868439 'w-distance:' -373.865326
583 'd-loss:' -86.004608 'g-loss:' 287.311340 'w-distance:' -373.315948
584 'd-loss:' -87.629936 'g-loss:' 299.967102 'w-distance:' -387.597046
585 'd-loss:' -85.361595 'g-loss:' 293.399384 'w-distance:' -378.760986
586 'd-loss:' -86.522217 'g-loss:' 293.267639 'w-distance:' -379.789856
587 'd-loss:' -78.326614 'g-loss:' 287.045227 'w-distance:' -365.371826
588 'd-loss:' -82.702675 'g-loss:' 270.930542 'w-distance:' -353.633209
589 'd-loss:' -83.216942 'g-loss:' 285.764771 'w-distance:' -368.981720
590 'd-loss:' -86.460251 'g-loss:' 300.139160 'w-distance:' -386.599426
591 'd-loss:' -85.802567 'g-loss:' 291.151062 'w-distance:' -376.953613
592 'd-loss:' -86.336540 'g-loss:' 287.082703 'w-distance:' -373.419250
593 'd-loss:' -83.142532 'g-loss:' 292.998993 'w-distance:' -376.141541
594 'd-loss:' -87.708313 'g-loss:' 279.249390 'w-distance:' -366.957703
595 'd-loss:' -85.580673 'g-loss:' 292.848877 'w-distance:' -378.429565
596 'd-loss:' -86.330437 'g-loss:' 294.763245 'w-distance:' -381.093689
597 'd-loss:' -85.105072 'g-loss:' 290.977783 'w-distance:' -376.082855
598 'd-loss:' -87.613419 'g-loss:' 290.273926 'w-distance:' -377.887329
599 'd-loss:' -88.491280 'g-loss:' 287.814453 'w-distance:' -376.305725
600 'd-loss:' -88.074722 'g-loss:' 288.036316 'w-distance:' -376.111023
601 'd-loss:' -86.296036 'g-loss:' 292.377472 'w-distance:' -378.673523
602 'd-loss:' -85.803818 'g-loss:' 286.239777 'w-distance:' -372.043579
603 'd-loss:' -85.268173 'g-loss:' 282.979065 'w-distance:' -368.247253
604 'd-loss:' -84.323059 'g-loss:' 285.024475 'w-distance:' -369.347534
605 'd-loss:' -87.915680 'g-loss:' 284.119629 'w-distance:' -372.035309
606 'd-loss:' -87.642044 'g-loss:' 291.165100 'w-distance:' -378.807129
607 'd-loss:' -84.289841 'g-loss:' 294.136108 'w-distance:' -378.425964
608 'd-loss:' -85.559731 'g-loss:' 294.769897 'w-distance:' -380.329620
609 'd-loss:' -84.689209 'g-loss:' 287.620026 'w-distance:' -372.309235
610 'd-loss:' -87.102585 'g-loss:' 291.640808 'w-distance:' -378.743408
611 'd-loss:' -84.755508 'g-loss:' 292.567932 'w-distance:' -377.323425
612 'd-loss:' -85.566368 'g-loss:' 289.083679 'w-distance:' -374.650055
613 'd-loss:' -86.418449 'g-loss:' 287.346558 'w-distance:' -373.765015
614 'd-loss:' -85.620293 'g-loss:' 283.124207 'w-distance:' -368.744507
615 'd-loss:' -78.181992 'g-loss:' 283.447968 'w-distance:' -361.629944
616 'd-loss:' -84.624817 'g-loss:' 271.452698 'w-distance:' -356.077515
617 'd-loss:' -86.091156 'g-loss:' 277.862244 'w-distance:' -363.953400
618 'd-loss:' -85.741440 'g-loss:' 293.314056 'w-distance:' -379.055481
619 'd-loss:' -87.660522 'g-loss:' 292.150604 'w-distance:' -379.811127
620 'd-loss:' -87.808319 'g-loss:' 283.812744 'w-distance:' -371.621063
621 'd-loss:' -86.280540 'g-loss:' 290.429016 'w-distance:' -376.709564
622 'd-loss:' -85.564873 'g-loss:' 285.272217 'w-distance:' -370.837097
623 'd-loss:' -86.400826 'g-loss:' 284.594055 'w-distance:' -370.994873
624 'd-loss:' -84.956413 'g-loss:' 282.115540 'w-distance:' -367.071960
625 'd-loss:' -84.500961 'g-loss:' 287.761566 'w-distance:' -372.262512
626 'd-loss:' -84.260239 'g-loss:' 285.675171 'w-distance:' -369.935425
627 'd-loss:' -83.819244 'g-loss:' 287.587128 'w-distance:' -371.406372
628 'd-loss:' -83.907593 'g-loss:' 287.112183 'w-distance:' -371.019775
629 'd-loss:' -86.169571 'g-loss:' 287.137848 'w-distance:' -373.307434
630 'd-loss:' -85.162170 'g-loss:' 285.183746 'w-distance:' -370.345917
631 'd-loss:' -86.037827 'g-loss:' 289.845276 'w-distance:' -375.883118
632 'd-loss:' -83.421555 'g-loss:' 286.312744 'w-distance:' -369.734314
633 'd-loss:' -84.621429 'g-loss:' 282.719208 'w-distance:' -367.340637
634 'd-loss:' -85.819077 'g-loss:' 282.935669 'w-distance:' -368.754761
635 'd-loss:' -86.150070 'g-loss:' 280.899597 'w-distance:' -367.049683
636 'd-loss:' -84.606544 'g-loss:' 281.963806 'w-distance:' -366.570343
637 'd-loss:' -84.935577 'g-loss:' 281.868500 'w-distance:' -366.804077
638 'd-loss:' -84.924500 'g-loss:' 276.404785 'w-distance:' -361.329285
639 'd-loss:' -87.006958 'g-loss:' 279.983459 'w-distance:' -366.990417
640 'd-loss:' -81.983047 'g-loss:' 280.771301 'w-distance:' -362.754333
641 'd-loss:' -87.566895 'g-loss:' 273.651581 'w-distance:' -361.218475
642 'd-loss:' -83.864723 'g-loss:' 278.647949 'w-distance:' -362.512665
643 'd-loss:' -85.461624 'g-loss:' 281.562866 'w-distance:' -367.024475
644 'd-loss:' -85.451569 'g-loss:' 276.809479 'w-distance:' -362.261047
645 'd-loss:' -85.717987 'g-loss:' 274.779541 'w-distance:' -360.497528
646 'd-loss:' -86.409210 'g-loss:' 282.110931 'w-distance:' -368.520142
647 'd-loss:' -84.126862 'g-loss:' 281.412354 'w-distance:' -365.539215
648 'd-loss:' -84.254135 'g-loss:' 282.354919 'w-distance:' -366.609070
649 'd-loss:' -82.614853 'g-loss:' 267.915375 'w-distance:' -350.530212
650 'd-loss:' -86.421112 'g-loss:' 279.697632 'w-distance:' -366.118744
651 'd-loss:' -85.914177 'g-loss:' 278.004211 'w-distance:' -363.918396
652 'd-loss:' -85.910782 'g-loss:' 274.286865 'w-distance:' -360.197632
653 'd-loss:' -87.192497 'g-loss:' 279.958771 'w-distance:' -367.151276
654 'd-loss:' -85.363205 'g-loss:' 277.060669 'w-distance:' -362.423889
655 'd-loss:' -84.895981 'g-loss:' 279.034637 'w-distance:' -363.930603
656 'd-loss:' -86.433945 'g-loss:' 282.278625 'w-distance:' -368.712585
657 'd-loss:' -84.403275 'g-loss:' 275.120300 'w-distance:' -359.523560
658 'd-loss:' -86.671608 'g-loss:' 274.822571 'w-distance:' -361.494171
659 'd-loss:' -85.224899 'g-loss:' 280.062866 'w-distance:' -365.287781
660 'd-loss:' -85.027267 'g-loss:' 277.362366 'w-distance:' -362.389648
661 'd-loss:' -84.115532 'g-loss:' 274.769928 'w-distance:' -358.885468
662 'd-loss:' -80.450699 'g-loss:' 264.886414 'w-distance:' -345.337097
663 'd-loss:' -82.156723 'g-loss:' 245.729599 'w-distance:' -327.886322
664 'd-loss:' -83.750343 'g-loss:' 267.940460 'w-distance:' -351.690796
665 'd-loss:' -83.614037 'g-loss:' 281.715668 'w-distance:' -365.329712
666 'd-loss:' -86.143799 'g-loss:' 278.361908 'w-distance:' -364.505707
667 'd-loss:' -84.797523 'g-loss:' 278.083252 'w-distance:' -362.880768
668 'd-loss:' -85.707535 'g-loss:' 276.627563 'w-distance:' -362.335083
669 'd-loss:' -83.471764 'g-loss:' 274.253052 'w-distance:' -357.724823
670 'd-loss:' -83.367569 'g-loss:' 269.059937 'w-distance:' -352.427490
671 'd-loss:' -86.214447 'g-loss:' 272.204498 'w-distance:' -358.418945
672 'd-loss:' -84.708656 'g-loss:' 274.360626 'w-distance:' -359.069275
673 'd-loss:' -84.126305 'g-loss:' 272.572510 'w-distance:' -356.698822
674 'd-loss:' -84.703979 'g-loss:' 275.004364 'w-distance:' -359.708344
675 'd-loss:' -84.598877 'g-loss:' 273.919952 'w-distance:' -358.518829
676 'd-loss:' -82.667122 'g-loss:' 277.818695 'w-distance:' -360.485809
677 'd-loss:' -85.043015 'g-loss:' 272.763550 'w-distance:' -357.806580
678 'd-loss:' -84.405975 'g-loss:' 271.732361 'w-distance:' -356.138336
679 'd-loss:' -87.060768 'g-loss:' 272.597656 'w-distance:' -359.658417
680 'd-loss:' -86.583900 'g-loss:' 267.241730 'w-distance:' -353.825623
681 'd-loss:' -83.633812 'g-loss:' 272.507416 'w-distance:' -356.141235
682 'd-loss:' -85.329491 'g-loss:' 272.318451 'w-distance:' -357.647949
683 'd-loss:' -85.460304 'g-loss:' 271.449188 'w-distance:' -356.909485
684 'd-loss:' -85.609680 'g-loss:' 278.490601 'w-distance:' -364.100281
685 'd-loss:' -81.348877 'g-loss:' 273.513397 'w-distance:' -354.862274
686 'd-loss:' -85.849411 'g-loss:' 270.195862 'w-distance:' -356.045288
687 'd-loss:' -84.474426 'g-loss:' 271.297699 'w-distance:' -355.772125
688 'd-loss:' -85.414055 'g-loss:' 271.808044 'w-distance:' -357.222107
689 'd-loss:' -84.283134 'g-loss:' 272.874207 'w-distance:' -357.157349
690 'd-loss:' -85.834000 'g-loss:' 272.259827 'w-distance:' -358.093811
691 'd-loss:' -83.569321 'g-loss:' 275.881287 'w-distance:' -359.450623
692 'd-loss:' -84.787231 'g-loss:' 276.889282 'w-distance:' -361.676514
693 'd-loss:' -81.164581 'g-loss:' 274.617889 'w-distance:' -355.782471
694 'd-loss:' -86.927254 'g-loss:' 271.013000 'w-distance:' -357.940247
695 'd-loss:' -86.215729 'g-loss:' 273.744141 'w-distance:' -359.959869
696 'd-loss:' -81.870224 'g-loss:' 268.687744 'w-distance:' -350.557983
697 'd-loss:' -82.911972 'g-loss:' 264.103577 'w-distance:' -347.015564
698 'd-loss:' -81.633224 'g-loss:' 280.617615 'w-distance:' -362.250854
699 'd-loss:' -85.559807 'g-loss:' 270.112915 'w-distance:' -355.672729
700 'd-loss:' -84.371368 'g-loss:' 268.669250 'w-distance:' -353.040619
701 'd-loss:' -83.711700 'g-loss:' 280.239197 'w-distance:' -363.950897
702 'd-loss:' -83.658936 'g-loss:' 271.834656 'w-distance:' -355.493591
703 'd-loss:' -84.224976 'g-loss:' 263.974945 'w-distance:' -348.199921
704 'd-loss:' -73.319572 'g-loss:' 273.356262 'w-distance:' -346.675842
705 'd-loss:' -82.171585 'g-loss:' 247.891235 'w-distance:' -330.062805
706 'd-loss:' -84.288292 'g-loss:' 264.399658 'w-distance:' -348.687958
707 'd-loss:' -83.908264 'g-loss:' 276.053772 'w-distance:' -359.962036
708 'd-loss:' -84.495659 'g-loss:' 275.727997 'w-distance:' -360.223663
709 'd-loss:' -84.577751 'g-loss:' 275.279633 'w-distance:' -359.857391
710 'd-loss:' -85.052307 'g-loss:' 273.358978 'w-distance:' -358.411285
711 'd-loss:' -85.326393 'g-loss:' 269.222443 'w-distance:' -354.548828
712 'd-loss:' -83.559723 'g-loss:' 284.774536 'w-distance:' -368.334259
713 'd-loss:' -83.932152 'g-loss:' 271.445312 'w-distance:' -355.377472
714 'd-loss:' -83.990730 'g-loss:' 277.566376 'w-distance:' -361.557098
715 'd-loss:' -82.364655 'g-loss:' 271.210846 'w-distance:' -353.575500
716 'd-loss:' -81.474831 'g-loss:' 270.529236 'w-distance:' -352.004059
717 'd-loss:' -82.184433 'g-loss:' 267.847107 'w-distance:' -350.031555
718 'd-loss:' -83.642380 'g-loss:' 275.780640 'w-distance:' -359.423035
719 'd-loss:' -85.173904 'g-loss:' 276.597168 'w-distance:' -361.771057
720 'd-loss:' -84.031067 'g-loss:' 276.146332 'w-distance:' -360.177399
721 'd-loss:' -83.408821 'g-loss:' 273.522217 'w-distance:' -356.931030
722 'd-loss:' -84.976135 'g-loss:' 270.651581 'w-distance:' -355.627716
723 'd-loss:' -84.706619 'g-loss:' 279.584167 'w-distance:' -364.290771
724 'd-loss:' -83.992386 'g-loss:' 280.023865 'w-distance:' -364.016235
725 'd-loss:' -85.564835 'g-loss:' 272.106873 'w-distance:' -357.671692
726 'd-loss:' -84.071899 'g-loss:' 269.164795 'w-distance:' -353.236694
727 'd-loss:' -84.643852 'g-loss:' 273.077881 'w-distance:' -357.721741
728 'd-loss:' -83.849243 'g-loss:' 269.147461 'w-distance:' -352.996704
729 'd-loss:' -82.999428 'g-loss:' 281.401154 'w-distance:' -364.400574
730 'd-loss:' -84.204803 'g-loss:' 267.616791 'w-distance:' -351.821594
731 'd-loss:' -82.848946 'g-loss:' 277.092957 'w-distance:' -359.941895
732 'd-loss:' -82.061508 'g-loss:' 266.429993 'w-distance:' -348.491516
733 'd-loss:' -82.732498 'g-loss:' 262.998566 'w-distance:' -345.731079
734 'd-loss:' -82.586838 'g-loss:' 274.384491 'w-distance:' -356.971313
735 'd-loss:' -80.330078 'g-loss:' 277.076477 'w-distance:' -357.406555
736 'd-loss:' -85.204071 'g-loss:' 268.331970 'w-distance:' -353.536041
737 'd-loss:' -84.587166 'g-loss:' 274.092163 'w-distance:' -358.679321
738 'd-loss:' -82.521492 'g-loss:' 276.004181 'w-distance:' -358.525665
739 'd-loss:' -83.250687 'g-loss:' 268.722534 'w-distance:' -351.973206
740 'd-loss:' -83.528030 'g-loss:' 276.529236 'w-distance:' -360.057251
741 'd-loss:' -85.291756 'g-loss:' 281.337463 'w-distance:' -366.629211
742 'd-loss:' -83.020584 'g-loss:' 267.759949 'w-distance:' -350.780518
743 'd-loss:' -84.155991 'g-loss:' 260.893738 'w-distance:' -345.049744
744 'd-loss:' -83.354088 'g-loss:' 275.215210 'w-distance:' -358.569305
745 'd-loss:' -83.058853 'g-loss:' 272.373901 'w-distance:' -355.432739
746 'd-loss:' -82.255798 'g-loss:' 269.392914 'w-distance:' -351.648712
747 'd-loss:' -83.495628 'g-loss:' 273.956085 'w-distance:' -357.451721
748 'd-loss:' -83.473495 'g-loss:' 275.582062 'w-distance:' -359.055542
749 'd-loss:' -84.076889 'g-loss:' 271.748718 'w-distance:' -355.825623
750 'd-loss:' -83.312943 'g-loss:' 271.207214 'w-distance:' -354.520142
751 'd-loss:' -83.782272 'g-loss:' 266.274384 'w-distance:' -350.056641
752 'd-loss:' -83.656319 'g-loss:' 271.543884 'w-distance:' -355.200195
753 'd-loss:' -83.377380 'g-loss:' 272.575195 'w-distance:' -355.952576
754 'd-loss:' -83.066788 'g-loss:' 273.167908 'w-distance:' -356.234680
755 'd-loss:' -83.019119 'g-loss:' 273.684265 'w-distance:' -356.703369
756 'd-loss:' -80.605865 'g-loss:' 266.212341 'w-distance:' -346.818207
757 'd-loss:' -82.997299 'g-loss:' 254.851562 'w-distance:' -337.848877
758 'd-loss:' -77.960075 'g-loss:' 259.812378 'w-distance:' -337.772461
759 'd-loss:' -82.057213 'g-loss:' 221.136124 'w-distance:' -303.193329
760 'd-loss:' -82.896645 'g-loss:' 287.069031 'w-distance:' -369.965668
761 'd-loss:' -83.071434 'g-loss:' 263.599365 'w-distance:' -346.670807
762 'd-loss:' -82.998482 'g-loss:' 275.204193 'w-distance:' -358.202667
763 'd-loss:' -83.427490 'g-loss:' 266.702087 'w-distance:' -350.129578
764 'd-loss:' -80.803719 'g-loss:' 261.808899 'w-distance:' -342.612610
765 'd-loss:' -84.711319 'g-loss:' 257.977203 'w-distance:' -342.688538
766 'd-loss:' -45.896187 'g-loss:' 266.427521 'w-distance:' -312.323700
767 'd-loss:' -67.199936 'g-loss:' 211.559204 'w-distance:' -278.759155
768 'd-loss:' -71.082687 'g-loss:' 255.538605 'w-distance:' -326.621277
769 'd-loss:' -73.464417 'g-loss:' 300.167877 'w-distance:' -373.632294
770 'd-loss:' -78.505707 'g-loss:' 263.825562 'w-distance:' -342.331268
771 'd-loss:' -80.058304 'g-loss:' 276.704895 'w-distance:' -356.763184
772 'd-loss:' -80.341370 'g-loss:' 279.660767 'w-distance:' -360.002136
773 'd-loss:' -73.064072 'g-loss:' 298.044769 'w-distance:' -371.108826
774 'd-loss:' -77.144913 'g-loss:' 278.669800 'w-distance:' -355.814697
775 'd-loss:' -81.210297 'g-loss:' 272.247009 'w-distance:' -353.457306
776 'd-loss:' -82.690430 'g-loss:' 266.659851 'w-distance:' -349.350281
777 'd-loss:' -82.370529 'g-loss:' 277.892456 'w-distance:' -360.263000
778 'd-loss:' -82.478989 'g-loss:' 272.614746 'w-distance:' -355.093750
779 'd-loss:' -81.294327 'g-loss:' 274.689117 'w-distance:' -355.983459
780 'd-loss:' -81.578133 'g-loss:' 284.748047 'w-distance:' -366.326172
781 'd-loss:' -83.594543 'g-loss:' 295.518921 'w-distance:' -379.113464
782 'd-loss:' -84.271439 'g-loss:' 285.806152 'w-distance:' -370.077576
783 'd-loss:' -84.778740 'g-loss:' 293.122620 'w-distance:' -377.901367
784 'd-loss:' -81.512764 'g-loss:' 303.203674 'w-distance:' -384.716431
785 'd-loss:' -82.138100 'g-loss:' 298.943237 'w-distance:' -381.081329
786 'd-loss:' -80.871933 'g-loss:' 292.813446 'w-distance:' -373.685364
787 'd-loss:' -84.474213 'g-loss:' 276.255768 'w-distance:' -360.729980
788 'd-loss:' -83.465317 'g-loss:' 296.304901 'w-distance:' -379.770203
789 'd-loss:' -82.507172 'g-loss:' 294.642700 'w-distance:' -377.149872
790 'd-loss:' -79.240067 'g-loss:' 288.160034 'w-distance:' -367.400085
791 'd-loss:' -80.998222 'g-loss:' 294.972473 'w-distance:' -375.970703
792 'd-loss:' -80.678169 'g-loss:' 285.981110 'w-distance:' -366.659271
793 'd-loss:' -81.909546 'g-loss:' 286.923279 'w-distance:' -368.832825
794 'd-loss:' -82.653809 'g-loss:' 292.519775 'w-distance:' -375.173584
795 'd-loss:' -82.554703 'g-loss:' 301.599243 'w-distance:' -384.153931
796 'd-loss:' -80.548172 'g-loss:' 300.185669 'w-distance:' -380.733826
797 'd-loss:' -82.640129 'g-loss:' 293.458618 'w-distance:' -376.098755
798 'd-loss:' -82.094315 'g-loss:' 297.993256 'w-distance:' -380.087585
799 'd-loss:' -83.270798 'g-loss:' 298.949219 'w-distance:' -382.220032
800 'd-loss:' -82.413605 'g-loss:' 284.605957 'w-distance:' -367.019562
801 'd-loss:' -82.380402 'g-loss:' 303.781921 'w-distance:' -386.162323
802 'd-loss:' -79.799568 'g-loss:' 281.376709 'w-distance:' -361.176270
803 'd-loss:' -81.955940 'g-loss:' 291.839233 'w-distance:' -373.795166
804 'd-loss:' -82.053070 'g-loss:' 287.708466 'w-distance:' -369.761536
805 'd-loss:' -82.874817 'g-loss:' 283.140259 'w-distance:' -366.015076
806 'd-loss:' -83.262123 'g-loss:' 287.975128 'w-distance:' -371.237244
807 'd-loss:' -81.864441 'g-loss:' 286.296875 'w-distance:' -368.161316
808 'd-loss:' -81.355621 'g-loss:' 282.236450 'w-distance:' -363.592072
809 'd-loss:' -81.131149 'g-loss:' 291.078125 'w-distance:' -372.209290
810 'd-loss:' -83.621925 'g-loss:' 307.162384 'w-distance:' -390.784302
811 'd-loss:' -81.339600 'g-loss:' 368.936768 'w-distance:' -450.276367
812 'd-loss:' -84.954346 'g-loss:' 414.885498 'w-distance:' -499.839844
813 'd-loss:' -81.726334 'g-loss:' 468.617584 'w-distance:' -550.343933
814 'd-loss:' -83.284843 'g-loss:' 376.572937 'w-distance:' -459.857788
815 'd-loss:' -83.195374 'g-loss:' 364.201843 'w-distance:' -447.397217
816 'd-loss:' -82.298447 'g-loss:' 415.502350 'w-distance:' -497.800781
817 'd-loss:' -82.468231 'g-loss:' 436.614868 'w-distance:' -519.083130
818 'd-loss:' -82.557350 'g-loss:' 454.288086 'w-distance:' -536.845459
819 'd-loss:' -85.124077 'g-loss:' 474.238556 'w-distance:' -559.362610
820 'd-loss:' -83.447937 'g-loss:' 377.511047 'w-distance:' -460.958984
821 'd-loss:' -82.097397 'g-loss:' 376.624329 'w-distance:' -458.721741
822 'd-loss:' -82.571518 'g-loss:' 342.087738 'w-distance:' -424.659241
823 'd-loss:' -80.503777 'g-loss:' 331.985962 'w-distance:' -412.489746
824 'd-loss:' -82.225021 'g-loss:' 328.942261 'w-distance:' -411.167297
825 'd-loss:' -82.817924 'g-loss:' 324.284241 'w-distance:' -407.102173
826 'd-loss:' -81.339996 'g-loss:' 329.249207 'w-distance:' -410.589203
827 'd-loss:' -82.793533 'g-loss:' 317.881653 'w-distance:' -400.675171
828 'd-loss:' -83.569839 'g-loss:' 327.008484 'w-distance:' -410.578308
829 'd-loss:' -83.158440 'g-loss:' 307.074341 'w-distance:' -390.232788
830 'd-loss:' -83.223816 'g-loss:' 310.963074 'w-distance:' -394.186890
831 'd-loss:' -82.731171 'g-loss:' 307.210388 'w-distance:' -389.941559
832 'd-loss:' -81.974060 'g-loss:' 303.860962 'w-distance:' -385.835022
833 'd-loss:' -80.217857 'g-loss:' 308.668823 'w-distance:' -388.886688
834 'd-loss:' -81.999344 'g-loss:' 304.818909 'w-distance:' -386.818237
835 'd-loss:' -82.869064 'g-loss:' 306.065002 'w-distance:' -388.934082
836 'd-loss:' -80.376564 'g-loss:' 300.686188 'w-distance:' -381.062744
837 'd-loss:' -83.068779 'g-loss:' 296.478760 'w-distance:' -379.547546
838 'd-loss:' -83.262527 'g-loss:' 306.663574 'w-distance:' -389.926086
839 'd-loss:' -83.939034 'g-loss:' 297.863647 'w-distance:' -381.802673
840 'd-loss:' -78.280075 'g-loss:' 309.548218 'w-distance:' -387.828308
841 'd-loss:' -80.071266 'g-loss:' 290.130798 'w-distance:' -370.202057
842 'd-loss:' -81.787415 'g-loss:' 297.841522 'w-distance:' -379.628937
843 'd-loss:' -84.895088 'g-loss:' 307.630310 'w-distance:' -392.525391
844 'd-loss:' -83.634773 'g-loss:' 303.836029 'w-distance:' -387.470795
845 'd-loss:' -81.806961 'g-loss:' 299.717590 'w-distance:' -381.524536
846 'd-loss:' -80.676422 'g-loss:' 302.152771 'w-distance:' -382.829193
847 'd-loss:' -82.662483 'g-loss:' 301.438477 'w-distance:' -384.100952
848 'd-loss:' -82.720428 'g-loss:' 307.026031 'w-distance:' -389.746460
849 'd-loss:' -83.387238 'g-loss:' 304.571564 'w-distance:' -387.958801
850 'd-loss:' -80.654266 'g-loss:' 299.105988 'w-distance:' -379.760254
851 'd-loss:' -82.504089 'g-loss:' 286.709045 'w-distance:' -369.213135
852 'd-loss:' -76.881912 'g-loss:' 285.229431 'w-distance:' -362.111328
853 'd-loss:' -80.088837 'g-loss:' 290.818481 'w-distance:' -370.907318
854 'd-loss:' -82.069016 'g-loss:' 296.697540 'w-distance:' -378.766541
855 'd-loss:' -80.516602 'g-loss:' 297.116791 'w-distance:' -377.633392
856 'd-loss:' -82.037567 'g-loss:' 287.199432 'w-distance:' -369.237000
857 'd-loss:' -79.274521 'g-loss:' 296.639191 'w-distance:' -375.913696
858 'd-loss:' -78.958954 'g-loss:' 297.834564 'w-distance:' -376.793518
859 'd-loss:' -77.764061 'g-loss:' 292.645325 'w-distance:' -370.409393
860 'd-loss:' -82.756500 'g-loss:' 282.599884 'w-distance:' -365.356384
861 'd-loss:' -81.087509 'g-loss:' 289.278687 'w-distance:' -370.366211
862 'd-loss:' -79.569046 'g-loss:' 291.671661 'w-distance:' -371.240723
863 'd-loss:' -82.616692 'g-loss:' 297.332397 'w-distance:' -379.949097
864 'd-loss:' -81.180893 'g-loss:' 301.939209 'w-distance:' -383.120117
865 'd-loss:' -83.114578 'g-loss:' 293.741150 'w-distance:' -376.855713
866 'd-loss:' -82.628471 'g-loss:' 304.832520 'w-distance:' -387.460999
867 'd-loss:' -79.926804 'g-loss:' 290.912445 'w-distance:' -370.839233
868 'd-loss:' -81.046257 'g-loss:' 296.427124 'w-distance:' -377.473389
869 'd-loss:' -81.706795 'g-loss:' 288.274170 'w-distance:' -369.980957
870 'd-loss:' -83.773506 'g-loss:' 295.099609 'w-distance:' -378.873108
871 'd-loss:' -83.086121 'g-loss:' 286.975037 'w-distance:' -370.061157
872 'd-loss:' -82.740990 'g-loss:' 288.036987 'w-distance:' -370.777985
873 'd-loss:' -81.289017 'g-loss:' 290.572083 'w-distance:' -371.861084
874 'd-loss:' -82.073944 'g-loss:' 287.539246 'w-distance:' -369.613190
875 'd-loss:' -73.948212 'g-loss:' 293.219574 'w-distance:' -367.167786
876 'd-loss:' -79.886856 'g-loss:' 279.555298 'w-distance:' -359.442139
877 'd-loss:' -81.299416 'g-loss:' 279.073090 'w-distance:' -360.372498
878 'd-loss:' -80.114090 'g-loss:' 297.955750 'w-distance:' -378.069824
879 'd-loss:' -79.643890 'g-loss:' 300.333557 'w-distance:' -379.977448
880 'd-loss:' -83.302757 'g-loss:' 298.131653 'w-distance:' -381.434418
881 'd-loss:' -80.915489 'g-loss:' 298.376801 'w-distance:' -379.292297
882 'd-loss:' -81.089066 'g-loss:' 293.138092 'w-distance:' -374.227173
883 'd-loss:' -78.967255 'g-loss:' 296.027039 'w-distance:' -374.994293
884 'd-loss:' -80.957443 'g-loss:' 285.712738 'w-distance:' -366.670166
885 'd-loss:' -80.918335 'g-loss:' 287.653870 'w-distance:' -368.572205
886 'd-loss:' -80.441208 'g-loss:' 291.248505 'w-distance:' -371.689697
887 'd-loss:' -81.817993 'g-loss:' 291.295685 'w-distance:' -373.113678
888 'd-loss:' -81.828354 'g-loss:' 294.604340 'w-distance:' -376.432678
889 'd-loss:' -81.116913 'g-loss:' 289.863220 'w-distance:' -370.980133
890 'd-loss:' -79.851227 'g-loss:' 291.741547 'w-distance:' -371.592773
891 'd-loss:' -79.054840 'g-loss:' 279.881622 'w-distance:' -358.936462
892 'd-loss:' -80.956894 'g-loss:' 287.978455 'w-distance:' -368.935364
893 'd-loss:' -81.366661 'g-loss:' 294.172424 'w-distance:' -375.539093
894 'd-loss:' -81.694748 'g-loss:' 288.282227 'w-distance:' -369.976990
895 'd-loss:' -82.542175 'g-loss:' 284.179443 'w-distance:' -366.721619
896 'd-loss:' -82.258118 'g-loss:' 290.135864 'w-distance:' -372.393982
897 'd-loss:' -81.104782 'g-loss:' 292.158478 'w-distance:' -373.263245
898 'd-loss:' -81.477188 'g-loss:' 300.185730 'w-distance:' -381.662903
899 'd-loss:' -79.923126 'g-loss:' 297.920044 'w-distance:' -377.843170
900 'd-loss:' -80.392242 'g-loss:' 289.008575 'w-distance:' -369.400818
901 'd-loss:' -81.383301 'g-loss:' 278.657562 'w-distance:' -360.040863
902 'd-loss:' -79.234703 'g-loss:' 280.380890 'w-distance:' -359.615601
903 'd-loss:' -81.402588 'g-loss:' 283.128082 'w-distance:' -364.530670
904 'd-loss:' -79.522156 'g-loss:' 281.304474 'w-distance:' -360.826630
905 'd-loss:' -79.401733 'g-loss:' 288.889740 'w-distance:' -368.291473
906 'd-loss:' -80.223099 'g-loss:' 280.469330 'w-distance:' -360.692444
907 'd-loss:' -80.102249 'g-loss:' 280.731201 'w-distance:' -360.833435
908 'd-loss:' -80.593056 'g-loss:' 286.958893 'w-distance:' -367.551941
909 'd-loss:' -81.612747 'g-loss:' 283.298004 'w-distance:' -364.910767
910 'd-loss:' -79.903687 'g-loss:' 287.324829 'w-distance:' -367.228516
911 'd-loss:' -79.849182 'g-loss:' 282.513031 'w-distance:' -362.362213
912 'd-loss:' -79.325058 'g-loss:' 285.635742 'w-distance:' -364.960815
913 'd-loss:' -79.798347 'g-loss:' 281.472351 'w-distance:' -361.270691
914 'd-loss:' -79.124908 'g-loss:' 278.420319 'w-distance:' -357.545227
915 'd-loss:' -79.152786 'g-loss:' 289.512970 'w-distance:' -368.665771
916 'd-loss:' -79.827271 'g-loss:' 289.764435 'w-distance:' -369.591705
917 'd-loss:' -79.470230 'g-loss:' 289.720764 'w-distance:' -369.190979
918 'd-loss:' -79.578621 'g-loss:' 282.202545 'w-distance:' -361.781158
919 'd-loss:' -79.413177 'g-loss:' 285.931335 'w-distance:' -365.344513
920 'd-loss:' -79.588722 'g-loss:' 287.183228 'w-distance:' -366.771942
921 'd-loss:' -79.368057 'g-loss:' 282.572266 'w-distance:' -361.940308
922 'd-loss:' -78.751854 'g-loss:' 282.399841 'w-distance:' -361.151703
923 'd-loss:' -78.949501 'g-loss:' 282.939026 'w-distance:' -361.888519
924 'd-loss:' -77.261955 'g-loss:' 282.536194 'w-distance:' -359.798157
925 'd-loss:' -79.113876 'g-loss:' 277.443054 'w-distance:' -356.556946
926 'd-loss:' -79.764534 'g-loss:' 284.242432 'w-distance:' -364.006958
927 'd-loss:' -78.790672 'g-loss:' 287.880035 'w-distance:' -366.670715
928 'd-loss:' -77.429642 'g-loss:' 284.524780 'w-distance:' -361.954407
929 'd-loss:' -79.781296 'g-loss:' 280.067261 'w-distance:' -359.848572
930 'd-loss:' -79.099762 'g-loss:' 285.672546 'w-distance:' -364.772308
931 'd-loss:' -81.418571 'g-loss:' 288.004822 'w-distance:' -369.423401
932 'd-loss:' -79.634422 'g-loss:' 289.972168 'w-distance:' -369.606598
933 'd-loss:' -78.725357 'g-loss:' 285.865997 'w-distance:' -364.591370
934 'd-loss:' -81.092270 'g-loss:' 283.652161 'w-distance:' -364.744446
935 'd-loss:' -79.055328 'g-loss:' 282.181519 'w-distance:' -361.236847
936 'd-loss:' -78.497406 'g-loss:' 279.227905 'w-distance:' -357.725311
937 'd-loss:' -78.352005 'g-loss:' 275.745819 'w-distance:' -354.097839
938 'd-loss:' -75.664780 'g-loss:' 280.467621 'w-distance:' -356.132385
939 'd-loss:' -77.846916 'g-loss:' 262.587402 'w-distance:' -340.434326
940 'd-loss:' -79.938095 'g-loss:' 273.573181 'w-distance:' -353.511292
941 'd-loss:' -80.849243 'g-loss:' 277.047394 'w-distance:' -357.896637
942 'd-loss:' -77.334160 'g-loss:' 275.711609 'w-distance:' -353.045776
943 'd-loss:' -77.140884 'g-loss:' 278.598450 'w-distance:' -355.739319
944 'd-loss:' -80.207535 'g-loss:' 269.268372 'w-distance:' -349.475891
945 'd-loss:' -79.696388 'g-loss:' 276.810638 'w-distance:' -356.507019
946 'd-loss:' -78.048416 'g-loss:' 279.034790 'w-distance:' -357.083191
947 'd-loss:' -78.606476 'g-loss:' 269.836639 'w-distance:' -348.443115
948 'd-loss:' -78.185089 'g-loss:' 273.636475 'w-distance:' -351.821564
949 'd-loss:' -77.380089 'g-loss:' 288.181976 'w-distance:' -365.562073
950 'd-loss:' -79.104477 'g-loss:' 281.924683 'w-distance:' -361.029175
951 'd-loss:' -78.186478 'g-loss:' 280.826416 'w-distance:' -359.012878
952 'd-loss:' -69.476593 'g-loss:' 285.529419 'w-distance:' -355.006012
953 'd-loss:' -74.510605 'g-loss:' 258.070038 'w-distance:' -332.580627
954 'd-loss:' -79.937866 'g-loss:' 264.418335 'w-distance:' -344.356201
955 'd-loss:' -79.770676 'g-loss:' 282.048615 'w-distance:' -361.819275
956 'd-loss:' -77.839691 'g-loss:' 283.062256 'w-distance:' -360.901947
957 'd-loss:' -79.053223 'g-loss:' 277.447418 'w-distance:' -356.500641
958 'd-loss:' -78.779442 'g-loss:' 275.394928 'w-distance:' -354.174377
959 'd-loss:' -79.843277 'g-loss:' 277.363281 'w-distance:' -357.206543
960 'd-loss:' -78.111870 'g-loss:' 271.853455 'w-distance:' -349.965332
961 'd-loss:' -78.388840 'g-loss:' 278.677551 'w-distance:' -357.066406
962 'd-loss:' -79.483307 'g-loss:' 278.908173 'w-distance:' -358.391479
963 'd-loss:' -79.340302 'g-loss:' 284.908569 'w-distance:' -364.248871
964 'd-loss:' -79.089569 'g-loss:' 284.414459 'w-distance:' -363.504028
965 'd-loss:' -79.579819 'g-loss:' 281.833130 'w-distance:' -361.412964
966 'd-loss:' -79.543015 'g-loss:' 276.137604 'w-distance:' -355.680603
967 'd-loss:' -78.803192 'g-loss:' 273.713531 'w-distance:' -352.516724
968 'd-loss:' -76.326431 'g-loss:' 269.825348 'w-distance:' -346.151794
969 'd-loss:' -78.321014 'g-loss:' 276.236572 'w-distance:' -354.557587
970 'd-loss:' -78.760323 'g-loss:' 255.909058 'w-distance:' -334.669373
971 'd-loss:' -79.579506 'g-loss:' 268.842926 'w-distance:' -348.422424
972 'd-loss:' -76.326729 'g-loss:' 273.101929 'w-distance:' -349.428650
973 'd-loss:' -76.366058 'g-loss:' 263.810333 'w-distance:' -340.176392
974 'd-loss:' -78.128906 'g-loss:' 264.815002 'w-distance:' -342.943909
975 'd-loss:' -76.824600 'g-loss:' 271.322937 'w-distance:' -348.147522
976 'd-loss:' -78.812363 'g-loss:' 266.168304 'w-distance:' -344.980652
977 'd-loss:' -78.485382 'g-loss:' 270.174011 'w-distance:' -348.659393
978 'd-loss:' -78.293854 'g-loss:' 267.485962 'w-distance:' -345.779816
979 'd-loss:' -75.664856 'g-loss:' 267.592682 'w-distance:' -343.257538
980 'd-loss:' -77.035774 'g-loss:' 269.031738 'w-distance:' -346.067505
981 'd-loss:' -77.622971 'g-loss:' 271.067413 'w-distance:' -348.690369
982 'd-loss:' -79.910843 'g-loss:' 269.892456 'w-distance:' -349.803284
983 'd-loss:' -76.951805 'g-loss:' 265.915344 'w-distance:' -342.867157
984 'd-loss:' -76.756012 'g-loss:' 280.004425 'w-distance:' -356.760437
985 'd-loss:' -78.548347 'g-loss:' 285.554565 'w-distance:' -364.102905
986 'd-loss:' -75.891739 'g-loss:' 280.734375 'w-distance:' -356.626099
987 'd-loss:' -78.921173 'g-loss:' 273.313660 'w-distance:' -352.234833
988 'd-loss:' -79.482193 'g-loss:' 264.318756 'w-distance:' -343.800964
989 'd-loss:' -77.129807 'g-loss:' 274.757233 'w-distance:' -351.887024
990 'd-loss:' -75.950714 'g-loss:' 264.031616 'w-distance:' -339.982330
991 'd-loss:' -77.770401 'g-loss:' 266.923737 'w-distance:' -344.694153
992 'd-loss:' -78.245132 'g-loss:' 275.907471 'w-distance:' -354.152588
993 'd-loss:' -71.918106 'g-loss:' 263.199066 'w-distance:' -335.117188
994 'd-loss:' -75.888687 'g-loss:' 271.263428 'w-distance:' -347.152100
995 'd-loss:' -78.537277 'g-loss:' 273.758942 'w-distance:' -352.296204
996 'd-loss:' -77.126602 'g-loss:' 278.776367 'w-distance:' -355.902954
997 'd-loss:' -77.759186 'g-loss:' 273.511566 'w-distance:' -351.270752
998 'd-loss:' -78.922615 'g-loss:' 260.142944 'w-distance:' -339.065552
999 'd-loss:' -76.285690 'g-loss:' 272.584381 'w-distance:' -348.870056
1000 'd-loss:' -74.730988 'g-loss:' 266.739838 'w-distance:' -341.470825
1001 'd-loss:' -77.146980 'g-loss:' 296.716858 'w-distance:' -373.863831
1002 'd-loss:' -77.015030 'g-loss:' 290.868652 'w-distance:' -367.883667
1003 'd-loss:' -78.045609 'g-loss:' 294.849976 'w-distance:' -372.895569
1004 'd-loss:' -78.637566 'g-loss:' 297.061096 'w-distance:' -375.698669
1005 'd-loss:' -78.629486 'g-loss:' 294.822449 'w-distance:' -373.451935
1006 'd-loss:' -77.028625 'g-loss:' 288.132446 'w-distance:' -365.161072
1007 'd-loss:' -76.692017 'g-loss:' 286.521240 'w-distance:' -363.213257
1008 'd-loss:' -77.839104 'g-loss:' 286.588745 'w-distance:' -364.427856
1009 'd-loss:' -77.044777 'g-loss:' 298.737610 'w-distance:' -375.782379
1010 'd-loss:' -77.737022 'g-loss:' 290.465820 'w-distance:' -368.202850
1011 'd-loss:' -77.977272 'g-loss:' 293.354431 'w-distance:' -371.331696
1012 'd-loss:' -77.435905 'g-loss:' 284.510864 'w-distance:' -361.946777
1013 'd-loss:' -77.166748 'g-loss:' 288.797791 'w-distance:' -365.964539
1014 'd-loss:' -78.353348 'g-loss:' 287.857666 'w-distance:' -366.210999
1015 'd-loss:' -77.862976 'g-loss:' 299.394348 'w-distance:' -377.257324
1016 'd-loss:' -78.625076 'g-loss:' 287.697327 'w-distance:' -366.322388
1017 'd-loss:' -77.420799 'g-loss:' 286.937195 'w-distance:' -364.358002
1018 'd-loss:' -74.991943 'g-loss:' 288.557281 'w-distance:' -363.549225
1019 'd-loss:' -76.946548 'g-loss:' 283.693542 'w-distance:' -360.640076
1020 'd-loss:' -78.284195 'g-loss:' 292.157013 'w-distance:' -370.441223
1021 'd-loss:' -77.787552 'g-loss:' 291.951508 'w-distance:' -369.739075
1022 'd-loss:' -78.028564 'g-loss:' 288.820251 'w-distance:' -366.848816
1023 'd-loss:' -77.477600 'g-loss:' 288.715759 'w-distance:' -366.193359
1024 'd-loss:' -77.512733 'g-loss:' 286.527283 'w-distance:' -364.040009
1025 'd-loss:' -77.951416 'g-loss:' 280.723511 'w-distance:' -358.674927
1026 'd-loss:' -63.915855 'g-loss:' 288.020203 'w-distance:' -351.936066
1027 'd-loss:' -73.719559 'g-loss:' 264.296997 'w-distance:' -338.016541
1028 'd-loss:' -77.888588 'g-loss:' 274.574982 'w-distance:' -352.463562
1029 'd-loss:' -76.476212 'g-loss:' 292.527222 'w-distance:' -369.003418
1030 'd-loss:' -77.738579 'g-loss:' 288.516479 'w-distance:' -366.255066
1031 'd-loss:' -76.262573 'g-loss:' 285.129364 'w-distance:' -361.391937
1032 'd-loss:' -80.023285 'g-loss:' 287.696228 'w-distance:' -367.719513
1033 'd-loss:' -76.704163 'g-loss:' 291.350830 'w-distance:' -368.054993
1034 'd-loss:' -76.352753 'g-loss:' 283.912048 'w-distance:' -360.264801
1035 'd-loss:' -77.127708 'g-loss:' 280.242249 'w-distance:' -357.369965
1036 'd-loss:' -79.160988 'g-loss:' 279.844238 'w-distance:' -359.005219
1037 'd-loss:' -77.985703 'g-loss:' 290.925781 'w-distance:' -368.911499
1038 'd-loss:' -77.731964 'g-loss:' 298.616241 'w-distance:' -376.348206
1039 'd-loss:' -78.099487 'g-loss:' 293.393433 'w-distance:' -371.492920
1040 'd-loss:' -77.217041 'g-loss:' 289.200104 'w-distance:' -366.417145
1041 'd-loss:' -77.462242 'g-loss:' 280.456116 'w-distance:' -357.918365
1042 'd-loss:' -78.709633 'g-loss:' 283.624695 'w-distance:' -362.334320
1043 'd-loss:' -76.664116 'g-loss:' 286.723083 'w-distance:' -363.387207
1044 'd-loss:' -75.915909 'g-loss:' 291.115112 'w-distance:' -367.031006
1045 'd-loss:' -76.776512 'g-loss:' 279.971680 'w-distance:' -356.748199
1046 'd-loss:' -77.123016 'g-loss:' 283.215942 'w-distance:' -360.338959
1047 'd-loss:' -78.194633 'g-loss:' 292.687469 'w-distance:' -370.882111
1048 'd-loss:' -75.506897 'g-loss:' 289.719879 'w-distance:' -365.226776
1049 'd-loss:' -75.473961 'g-loss:' 284.296295 'w-distance:' -359.770264
1050 'd-loss:' -76.495255 'g-loss:' 278.039154 'w-distance:' -354.534424
1051 'd-loss:' -79.232582 'g-loss:' 281.211182 'w-distance:' -360.443756
1052 'd-loss:' -76.705582 'g-loss:' 290.110138 'w-distance:' -366.815735
1053 'd-loss:' -77.039528 'g-loss:' 286.056335 'w-distance:' -363.095856
1054 'd-loss:' -76.018509 'g-loss:' 286.851257 'w-distance:' -362.869751
1055 'd-loss:' -76.461243 'g-loss:' 285.956604 'w-distance:' -362.417847
1056 'd-loss:' -77.687439 'g-loss:' 280.045532 'w-distance:' -357.732971
1057 'd-loss:' -77.742889 'g-loss:' 286.051086 'w-distance:' -363.793976
1058 'd-loss:' -76.281174 'g-loss:' 287.313538 'w-distance:' -363.594727
1059 'd-loss:' -73.670654 'g-loss:' 290.197144 'w-distance:' -363.867798
1060 'd-loss:' -77.074715 'g-loss:' 267.932129 'w-distance:' -345.006836
1061 'd-loss:' -79.237564 'g-loss:' 278.770905 'w-distance:' -358.008484
1062 'd-loss:' -77.501236 'g-loss:' 288.474396 'w-distance:' -365.975647
1063 'd-loss:' -76.440338 'g-loss:' 284.919739 'w-distance:' -361.360077
1064 'd-loss:' -75.718277 'g-loss:' 285.837036 'w-distance:' -361.555298
1065 'd-loss:' -77.269363 'g-loss:' 281.801819 'w-distance:' -359.071167
1066 'd-loss:' -77.981628 'g-loss:' 282.774078 'w-distance:' -360.755707
1067 'd-loss:' -76.923096 'g-loss:' 280.443420 'w-distance:' -357.366516
1068 'd-loss:' -78.294174 'g-loss:' 275.217133 'w-distance:' -353.511292
1069 'd-loss:' -74.602829 'g-loss:' 275.654846 'w-distance:' -350.257690
1070 'd-loss:' -77.530807 'g-loss:' 267.966095 'w-distance:' -345.496887
1071 'd-loss:' -76.471405 'g-loss:' 274.524994 'w-distance:' -350.996399
1072 'd-loss:' -77.867859 'g-loss:' 274.764099 'w-distance:' -352.631958
1073 'd-loss:' -77.352020 'g-loss:' 276.472412 'w-distance:' -353.824432
1074 'd-loss:' -76.312843 'g-loss:' 275.856689 'w-distance:' -352.169525
1075 'd-loss:' -73.898788 'g-loss:' 280.368530 'w-distance:' -354.267334
1076 'd-loss:' -75.539444 'g-loss:' 271.367035 'w-distance:' -346.906494
1077 'd-loss:' -76.275169 'g-loss:' 277.169830 'w-distance:' -353.445007
1078 'd-loss:' -75.028900 'g-loss:' 284.918152 'w-distance:' -359.947052
1079 'd-loss:' -75.939629 'g-loss:' 274.761414 'w-distance:' -350.701050
1080 'd-loss:' -74.472961 'g-loss:' 286.830750 'w-distance:' -361.303711
1081 'd-loss:' -76.747566 'g-loss:' 278.866272 'w-distance:' -355.613831
1082 'd-loss:' -75.945511 'g-loss:' 279.894043 'w-distance:' -355.839539
1083 'd-loss:' -74.637817 'g-loss:' 279.779755 'w-distance:' -354.417572
1084 'd-loss:' -76.527390 'g-loss:' 274.148804 'w-distance:' -350.676208
1085 'd-loss:' -75.914642 'g-loss:' 277.066376 'w-distance:' -352.981018
1086 'd-loss:' -76.266869 'g-loss:' 277.852631 'w-distance:' -354.119507
1087 'd-loss:' -76.838989 'g-loss:' 274.330994 'w-distance:' -351.169983
1088 'd-loss:' -75.310608 'g-loss:' 272.983948 'w-distance:' -348.294556
1089 'd-loss:' -75.913628 'g-loss:' 281.641571 'w-distance:' -357.555206
1090 'd-loss:' -75.027237 'g-loss:' 280.046783 'w-distance:' -355.074036
1091 'd-loss:' -76.079941 'g-loss:' 279.581757 'w-distance:' -355.661682
1092 'd-loss:' -77.355095 'g-loss:' 279.775391 'w-distance:' -357.130493
1093 'd-loss:' -75.101791 'g-loss:' 285.207275 'w-distance:' -360.309082
1094 'd-loss:' -77.499596 'g-loss:' 278.302734 'w-distance:' -355.802338
1095 'd-loss:' -75.544876 'g-loss:' 273.078735 'w-distance:' -348.623596
1096 'd-loss:' -75.511536 'g-loss:' 271.762451 'w-distance:' -347.273987
1097 'd-loss:' -76.360046 'g-loss:' 279.476013 'w-distance:' -355.836060
1098 'd-loss:' -76.242157 'g-loss:' 276.360626 'w-distance:' -352.602783
1099 'd-loss:' -76.658203 'g-loss:' 271.829346 'w-distance:' -348.487549
1100 'd-loss:' -75.960281 'g-loss:' 272.117950 'w-distance:' -348.078247
1101 'd-loss:' -76.826385 'g-loss:' 270.616180 'w-distance:' -347.442566
1102 'd-loss:' -75.115875 'g-loss:' 271.328552 'w-distance:' -346.444427
1103 'd-loss:' -75.006950 'g-loss:' 280.153473 'w-distance:' -355.160431
1104 'd-loss:' -76.467537 'g-loss:' 273.547546 'w-distance:' -350.015076
1105 'd-loss:' -75.011429 'g-loss:' 280.511444 'w-distance:' -355.522888
1106 'd-loss:' -74.792206 'g-loss:' 287.856415 'w-distance:' -362.648621
1107 'd-loss:' -75.588753 'g-loss:' 276.742126 'w-distance:' -352.330872
1108 'd-loss:' -76.315826 'g-loss:' 277.920471 'w-distance:' -354.236298
1109 'd-loss:' -76.177139 'g-loss:' 278.325073 'w-distance:' -354.502197
1110 'd-loss:' -76.301735 'g-loss:' 279.474915 'w-distance:' -355.776642
1111 'd-loss:' -75.949249 'g-loss:' 273.839722 'w-distance:' -349.788971
1112 'd-loss:' -75.715721 'g-loss:' 270.946259 'w-distance:' -346.661987
1113 'd-loss:' -77.707870 'g-loss:' 271.418823 'w-distance:' -349.126709
1114 'd-loss:' -74.610283 'g-loss:' 277.307648 'w-distance:' -351.917938
1115 'd-loss:' -72.690514 'g-loss:' 271.505798 'w-distance:' -344.196320
1116 'd-loss:' -75.717674 'g-loss:' 269.982819 'w-distance:' -345.700500
1117 'd-loss:' -74.095390 'g-loss:' 279.137146 'w-distance:' -353.232544
1118 'd-loss:' -75.336739 'g-loss:' 296.358154 'w-distance:' -371.694885
1119 'd-loss:' -75.339622 'g-loss:' 299.652649 'w-distance:' -374.992279
1120 'd-loss:' -74.800522 'g-loss:' 294.456879 'w-distance:' -369.257385
1121 'd-loss:' -75.586227 'g-loss:' 298.297241 'w-distance:' -373.883484
1122 'd-loss:' -74.006714 'g-loss:' 304.116669 'w-distance:' -378.123383
1123 'd-loss:' -75.906212 'g-loss:' 298.800293 'w-distance:' -374.706512
1124 'd-loss:' -76.695663 'g-loss:' 301.142487 'w-distance:' -377.838135
1125 'd-loss:' -76.517822 'g-loss:' 300.968262 'w-distance:' -377.486084
1126 'd-loss:' -76.350433 'g-loss:' 289.601257 'w-distance:' -365.951691
1127 'd-loss:' -74.078781 'g-loss:' 286.680420 'w-distance:' -360.759216
1128 'd-loss:' -76.119270 'g-loss:' 289.510620 'w-distance:' -365.629883
1129 'd-loss:' -75.066772 'g-loss:' 290.664032 'w-distance:' -365.730804
1130 'd-loss:' -75.703110 'g-loss:' 294.097168 'w-distance:' -369.800293
1131 'd-loss:' -75.969719 'g-loss:' 294.600891 'w-distance:' -370.570618
1132 'd-loss:' -73.988945 'g-loss:' 289.410553 'w-distance:' -363.399506
1133 'd-loss:' -74.293167 'g-loss:' 285.388763 'w-distance:' -359.681946
1134 'd-loss:' -74.367317 'g-loss:' 281.150574 'w-distance:' -355.517883
1135 'd-loss:' -75.085556 'g-loss:' 280.315948 'w-distance:' -355.401489
1136 'd-loss:' -75.083244 'g-loss:' 279.777985 'w-distance:' -354.861237
1137 'd-loss:' -75.292038 'g-loss:' 286.404236 'w-distance:' -361.696289
1138 'd-loss:' -72.735764 'g-loss:' 283.050262 'w-distance:' -355.786011
1139 'd-loss:' -74.451630 'g-loss:' 282.987305 'w-distance:' -357.438934
1140 'd-loss:' -72.701492 'g-loss:' 273.427094 'w-distance:' -346.128601
1141 'd-loss:' -73.437469 'g-loss:' 287.084534 'w-distance:' -360.522003
1142 'd-loss:' -75.377853 'g-loss:' 284.947449 'w-distance:' -360.325317
1143 'd-loss:' -75.259766 'g-loss:' 293.474792 'w-distance:' -368.734558
1144 'd-loss:' -75.060699 'g-loss:' 285.703705 'w-distance:' -360.764404
1145 'd-loss:' -73.213997 'g-loss:' 284.251251 'w-distance:' -357.465240
1146 'd-loss:' -73.807571 'g-loss:' 283.598816 'w-distance:' -357.406372
1147 'd-loss:' -77.182091 'g-loss:' 280.112213 'w-distance:' -357.294312
1148 'd-loss:' -75.704315 'g-loss:' 287.216858 'w-distance:' -362.921173
1149 'd-loss:' -75.750420 'g-loss:' 286.016632 'w-distance:' -361.767059
1150 'd-loss:' -73.928009 'g-loss:' 289.673157 'w-distance:' -363.601166
1151 'd-loss:' -75.094376 'g-loss:' 281.053955 'w-distance:' -356.148315
1152 'd-loss:' -76.104477 'g-loss:' 284.445007 'w-distance:' -360.549500
1153 'd-loss:' -76.041580 'g-loss:' 285.224792 'w-distance:' -361.266357
1154 'd-loss:' -74.257233 'g-loss:' 281.271484 'w-distance:' -355.528717
1155 'd-loss:' -73.726616 'g-loss:' 277.490082 'w-distance:' -351.216705
1156 'd-loss:' -74.688713 'g-loss:' 278.803711 'w-distance:' -353.492432
1157 'd-loss:' -73.495132 'g-loss:' 279.831421 'w-distance:' -353.326538
1158 'd-loss:' -74.521667 'g-loss:' 278.080109 'w-distance:' -352.601776
1159 'd-loss:' -76.024597 'g-loss:' 286.169769 'w-distance:' -362.194366
1160 'd-loss:' -3.879910 'g-loss:' 292.408936 'w-distance:' -296.288849
1161 'd-loss:' -4.289030 'g-loss:' 98.744835 'w-distance:' -103.033867
1162 'd-loss:' -6.060028 'g-loss:' 72.551590 'w-distance:' -78.611618
1163 'd-loss:' -12.664518 'g-loss:' 97.484901 'w-distance:' -110.149422
1164 'd-loss:' -18.388699 'g-loss:' 87.118599 'w-distance:' -105.507294
1165 'd-loss:' -21.639763 'g-loss:' 88.921280 'w-distance:' -110.561043
1166 'd-loss:' -31.902004 'g-loss:' 98.427139 'w-distance:' -130.329147
1167 'd-loss:' -38.027977 'g-loss:' 119.345901 'w-distance:' -157.373871
1168 'd-loss:' -42.746273 'g-loss:' 120.291176 'w-distance:' -163.037445
1169 'd-loss:' -49.596443 'g-loss:' 119.745003 'w-distance:' -169.341446
1170 'd-loss:' -45.405643 'g-loss:' 116.597534 'w-distance:' -162.003174
1171 'd-loss:' -52.524643 'g-loss:' 121.681602 'w-distance:' -174.206238
1172 'd-loss:' -51.710228 'g-loss:' 100.386452 'w-distance:' -152.096680
1173 'd-loss:' -50.640350 'g-loss:' 119.394485 'w-distance:' -170.034836
1174 'd-loss:' -53.974045 'g-loss:' 109.498207 'w-distance:' -163.472260
1175 'd-loss:' -55.070408 'g-loss:' 134.374374 'w-distance:' -189.444778
1176 'd-loss:' -53.115799 'g-loss:' 129.046127 'w-distance:' -182.161926
1177 'd-loss:' -59.588715 'g-loss:' 104.843925 'w-distance:' -164.432648
1178 'd-loss:' -54.479961 'g-loss:' 118.554703 'w-distance:' -173.034668
1179 'd-loss:' -63.534760 'g-loss:' 130.510300 'w-distance:' -194.045059
1180 'd-loss:' -65.388611 'g-loss:' 125.754623 'w-distance:' -191.143234
1181 'd-loss:' -66.973038 'g-loss:' 109.266823 'w-distance:' -176.239868
1182 'd-loss:' -65.819298 'g-loss:' 108.630325 'w-distance:' -174.449615
1183 'd-loss:' -70.484833 'g-loss:' 110.811821 'w-distance:' -181.296661
1184 'd-loss:' -71.973534 'g-loss:' 107.060669 'w-distance:' -179.034210
1185 'd-loss:' -71.678497 'g-loss:' 109.402184 'w-distance:' -181.080688
1186 'd-loss:' -69.265427 'g-loss:' 99.019989 'w-distance:' -168.285416
1187 'd-loss:' -73.152336 'g-loss:' 101.148621 'w-distance:' -174.300964
1188 'd-loss:' -73.914558 'g-loss:' 98.025024 'w-distance:' -171.939575
1189 'd-loss:' -75.265915 'g-loss:' 97.319054 'w-distance:' -172.584961
1190 'd-loss:' -76.305634 'g-loss:' 96.904869 'w-distance:' -173.210510
1191 'd-loss:' -76.210373 'g-loss:' 98.549957 'w-distance:' -174.760330
1192 'd-loss:' -75.532822 'g-loss:' 103.379341 'w-distance:' -178.912170
1193 'd-loss:' -73.354294 'g-loss:' 109.522446 'w-distance:' -182.876740
1194 'd-loss:' -76.290268 'g-loss:' 103.186150 'w-distance:' -179.476410
1195 'd-loss:' -74.873512 'g-loss:' 99.796745 'w-distance:' -174.670258
1196 'd-loss:' -74.927765 'g-loss:' 97.340919 'w-distance:' -172.268677
1197 'd-loss:' -75.805862 'g-loss:' 95.041130 'w-distance:' -170.846985
1198 'd-loss:' -75.049995 'g-loss:' 96.825340 'w-distance:' -171.875336
1199 'd-loss:' -78.177361 'g-loss:' 93.429474 'w-distance:' -171.606842
1200 'd-loss:' -77.147972 'g-loss:' 97.829300 'w-distance:' -174.977264
